{"/home/michel/Documents/testes_atalaia/frontend/src/App.js": {"path":"/home/michel/Documents/testes_atalaia/frontend/src/App.js","statementMap":{"0":{"start":{"line":35,"column":47},"end":{"line":35,"column":61}},"1":{"start":{"line":36,"column":18},"end":{"line":36,"column":41}},"2":{"start":{"line":38,"column":2},"end":{"line":42,"column":28}},"3":{"start":{"line":39,"column":4},"end":{"line":41,"column":5}},"4":{"start":{"line":40,"column":6},"end":{"line":40,"column":37}},"5":{"start":{"line":44,"column":2},"end":{"line":46,"column":14}},"6":{"start":{"line":45,"column":4},"end":{"line":45,"column":63}},"7":{"start":{"line":48,"column":2},"end":{"line":79,"column":4}}},"fnMap":{"0":{"name":"App","decl":{"start":{"line":34,"column":9},"end":{"line":34,"column":12}},"loc":{"start":{"line":34,"column":15},"end":{"line":80,"column":1}},"line":34},"1":{"name":"(anonymous_1)","decl":{"start":{"line":38,"column":18},"end":{"line":38,"column":19}},"loc":{"start":{"line":38,"column":24},"end":{"line":42,"column":3}},"line":38},"2":{"name":"(anonymous_2)","decl":{"start":{"line":40,"column":27},"end":{"line":40,"column":28}},"loc":{"start":{"line":40,"column":33},"end":{"line":40,"column":35}},"line":40},"3":{"name":"(anonymous_3)","decl":{"start":{"line":44,"column":18},"end":{"line":44,"column":19}},"loc":{"start":{"line":44,"column":24},"end":{"line":46,"column":3}},"line":44}},"branchMap":{"0":{"loc":{"start":{"line":36,"column":18},"end":{"line":36,"column":41}},"type":"binary-expr","locations":[{"start":{"line":36,"column":18},"end":{"line":36,"column":23}},{"start":{"line":36,"column":27},"end":{"line":36,"column":41}}],"line":36},"1":{"loc":{"start":{"line":39,"column":4},"end":{"line":41,"column":5}},"type":"if","locations":[{"start":{"line":39,"column":4},"end":{"line":41,"column":5}},{"start":{},"end":{}}],"line":39},"2":{"loc":{"start":{"line":59,"column":44},"end":{"line":59,"column":90}},"type":"cond-expr","locations":[{"start":{"line":59,"column":52},"end":{"line":59,"column":63}},{"start":{"line":59,"column":66},"end":{"line":59,"column":90}}],"line":59},"3":{"loc":{"start":{"line":60,"column":41},"end":{"line":60,"column":84}},"type":"cond-expr","locations":[{"start":{"line":60,"column":49},"end":{"line":60,"column":57}},{"start":{"line":60,"column":60},"end":{"line":60,"column":84}}],"line":60},"4":{"loc":{"start":{"line":61,"column":45},"end":{"line":61,"column":92}},"type":"cond-expr","locations":[{"start":{"line":61,"column":53},"end":{"line":61,"column":65}},{"start":{"line":61,"column":68},"end":{"line":61,"column":92}}],"line":61},"5":{"loc":{"start":{"line":62,"column":42},"end":{"line":62,"column":88}},"type":"cond-expr","locations":[{"start":{"line":62,"column":52},"end":{"line":62,"column":61}},{"start":{"line":62,"column":64},"end":{"line":62,"column":88}}],"line":62}},"s":{"0":13,"1":13,"2":13,"3":13,"4":7,"5":13,"6":13,"7":13},"f":{"0":13,"1":13,"2":1,"3":13},"b":{"0":[13,7],"1":[7,6],"2":[7,6],"3":[7,6],"4":[7,6],"5":[1,12]},"_coverageSchema":"1a1c01bbd47fc00a2c39e90264f33305004495a9","hash":"a7c3406c85916a0bada0f8b8a0418f5b48c9dcc5"}
,"/home/michel/Documents/testes_atalaia/frontend/src/i18n.js": {"path":"/home/michel/Documents/testes_atalaia/frontend/src/i18n.js","statementMap":{"0":{"start":{"line":7,"column":0},"end":{"line":20,"column":5}}},"fnMap":{},"branchMap":{"0":{"loc":{"start":{"line":15,"column":9},"end":{"line":15,"column":52}},"type":"binary-expr","locations":[{"start":{"line":15,"column":9},"end":{"line":15,"column":41}},{"start":{"line":15,"column":45},"end":{"line":15,"column":52}}],"line":15}},"s":{"0":5},"f":{},"b":{"0":[5,3]},"_coverageSchema":"1a1c01bbd47fc00a2c39e90264f33305004495a9","hash":"0b80e69a65a038b5e7d22a403d0e030ee8d3c74d"}
,"/home/michel/Documents/testes_atalaia/frontend/src/index.js": {"path":"/home/michel/Documents/testes_atalaia/frontend/src/index.js","statementMap":{"0":{"start":{"line":6,"column":13},"end":{"line":6,"column":65}},"1":{"start":{"line":7,"column":0},"end":{"line":11,"column":2}}},"fnMap":{},"branchMap":{},"s":{"0":1,"1":1},"f":{},"b":{},"_coverageSchema":"1a1c01bbd47fc00a2c39e90264f33305004495a9","hash":"f0b60341b2ae45bd22df410c578ed8b8c0c0024b"}
,"/home/michel/Documents/testes_atalaia/frontend/src/setupProxy.js": {"path":"/home/michel/Documents/testes_atalaia/frontend/src/setupProxy.js","statementMap":{"0":{"start":{"line":1,"column":16},"end":{"line":1,"column":30}},"1":{"start":{"line":4,"column":17},"end":{"line":4,"column":73}},"2":{"start":{"line":6,"column":2},"end":{"line":8,"column":3}},"3":{"start":{"line":7,"column":4},"end":{"line":7,"column":20}},"4":{"start":{"line":10,"column":2},"end":{"line":10,"column":32}},"5":{"start":{"line":13,"column":0},"end":{"line":35,"column":2}},"6":{"start":{"line":14,"column":20},"end":{"line":14,"column":34}},"7":{"start":{"line":15,"column":32},"end":{"line":25,"column":14}},"8":{"start":{"line":27,"column":2},"end":{"line":34,"column":5}},"9":{"start":{"line":28,"column":4},"end":{"line":28,"column":50}},"10":{"start":{"line":29,"column":4},"end":{"line":29,"column":73}},"11":{"start":{"line":30,"column":4},"end":{"line":30,"column":141}},"12":{"start":{"line":31,"column":4},"end":{"line":31,"column":77}},"13":{"start":{"line":32,"column":4},"end":{"line":32,"column":60}},"14":{"start":{"line":33,"column":4},"end":{"line":33,"column":11}}},"fnMap":{"0":{"name":"getApiOrigin","decl":{"start":{"line":3,"column":9},"end":{"line":3,"column":21}},"loc":{"start":{"line":3,"column":24},"end":{"line":11,"column":1}},"line":3},"1":{"name":"configureSecurityHeaders","decl":{"start":{"line":13,"column":26},"end":{"line":13,"column":50}},"loc":{"start":{"line":13,"column":56},"end":{"line":35,"column":1}},"line":13},"2":{"name":"(anonymous_2)","decl":{"start":{"line":27,"column":10},"end":{"line":27,"column":11}},"loc":{"start":{"line":27,"column":39},"end":{"line":34,"column":3}},"line":27}},"branchMap":{"0":{"loc":{"start":{"line":4,"column":17},"end":{"line":4,"column":73}},"type":"binary-expr","locations":[{"start":{"line":4,"column":17},"end":{"line":4,"column":46}},{"start":{"line":4,"column":50},"end":{"line":4,"column":73}}],"line":4},"1":{"loc":{"start":{"line":6,"column":2},"end":{"line":8,"column":3}},"type":"if","locations":[{"start":{"line":6,"column":2},"end":{"line":8,"column":3}},{"start":{},"end":{}}],"line":6}},"s":{"0":1,"1":3,"2":3,"3":1,"4":2,"5":1,"6":3,"7":3,"8":3,"9":3,"10":3,"11":3,"12":3,"13":3,"14":3},"f":{"0":3,"1":3,"2":3},"b":{"0":[3,1],"1":[1,2]},"_coverageSchema":"1a1c01bbd47fc00a2c39e90264f33305004495a9","hash":"9059d91a8a242fafeb2adb3ec6291e7e726fdc1c"}
,"/home/michel/Documents/testes_atalaia/frontend/src/components/Footer.js": {"path":"/home/michel/Documents/testes_atalaia/frontend/src/components/Footer.js","statementMap":{"0":{"start":{"line":7,"column":22},"end":{"line":7,"column":46}},"1":{"start":{"line":9,"column":2},"end":{"line":84,"column":4}}},"fnMap":{"0":{"name":"Footer","decl":{"start":{"line":6,"column":24},"end":{"line":6,"column":30}},"loc":{"start":{"line":6,"column":33},"end":{"line":85,"column":1}},"line":6}},"branchMap":{},"s":{"0":1,"1":1},"f":{"0":1},"b":{},"_coverageSchema":"1a1c01bbd47fc00a2c39e90264f33305004495a9","hash":"1d31e54bed22c80b6549aef4569a5d87e7b30bcd"}
,"/home/michel/Documents/testes_atalaia/frontend/src/components/Header.js": {"path":"/home/michel/Documents/testes_atalaia/frontend/src/components/Header.js","statementMap":{"0":{"start":{"line":10,"column":19},"end":{"line":10,"column":32}},"1":{"start":{"line":11,"column":19},"end":{"line":11,"column":32}},"2":{"start":{"line":12,"column":22},"end":{"line":12,"column":58}},"3":{"start":{"line":13,"column":26},"end":{"line":13,"column":53}},"4":{"start":{"line":14,"column":22},"end":{"line":14,"column":38}},"5":{"start":{"line":15,"column":46},"end":{"line":15,"column":60}},"6":{"start":{"line":16,"column":30},"end":{"line":16,"column":44}},"7":{"start":{"line":17,"column":34},"end":{"line":17,"column":49}},"8":{"start":{"line":18,"column":38},"end":{"line":18,"column":53}},"9":{"start":{"line":19,"column":34},"end":{"line":19,"column":49}},"10":{"start":{"line":22,"column":25},"end":{"line":26,"column":3}},"11":{"start":{"line":23,"column":4},"end":{"line":23,"column":29}},"12":{"start":{"line":24,"column":4},"end":{"line":24,"column":42}},"13":{"start":{"line":25,"column":4},"end":{"line":25,"column":23}},"14":{"start":{"line":28,"column":22},"end":{"line":28,"column":46}},"15":{"start":{"line":30,"column":21},"end":{"line":34,"column":3}},"16":{"start":{"line":36,"column":25},"end":{"line":36,"column":49}},"17":{"start":{"line":38,"column":20},"end":{"line":38,"column":85}},"18":{"start":{"line":38,"column":56},"end":{"line":38,"column":77}},"19":{"start":{"line":40,"column":21},"end":{"line":40,"column":49}},"20":{"start":{"line":40,"column":27},"end":{"line":40,"column":49}},"21":{"start":{"line":41,"column":23},"end":{"line":41,"column":55}},"22":{"start":{"line":41,"column":29},"end":{"line":41,"column":55}},"23":{"start":{"line":45,"column":2},"end":{"line":178,"column":4}},"24":{"start":{"line":80,"column":47},"end":{"line":80,"column":60}},"25":{"start":{"line":86,"column":86},"end":{"line":86,"column":108}},"26":{"start":{"line":91,"column":20},"end":{"line":98,"column":29}},"27":{"start":{"line":95,"column":37},"end":{"line":95,"column":56}},"28":{"start":{"line":107,"column":29},"end":{"line":107,"column":68}},"29":{"start":{"line":124,"column":31},"end":{"line":124,"column":49}},"30":{"start":{"line":144,"column":116},"end":{"line":144,"column":134}},"31":{"start":{"line":145,"column":120},"end":{"line":145,"column":138}},"32":{"start":{"line":146,"column":120},"end":{"line":146,"column":138}},"33":{"start":{"line":147,"column":118},"end":{"line":147,"column":136}},"34":{"start":{"line":148,"column":120},"end":{"line":148,"column":138}},"35":{"start":{"line":149,"column":132},"end":{"line":149,"column":150}},"36":{"start":{"line":166,"column":18},"end":{"line":169,"column":19}},"37":{"start":{"line":167,"column":20},"end":{"line":167,"column":67}},"38":{"start":{"line":168,"column":20},"end":{"line":168,"column":41}}},"fnMap":{"0":{"name":"Header","decl":{"start":{"line":9,"column":24},"end":{"line":9,"column":30}},"loc":{"start":{"line":9,"column":33},"end":{"line":179,"column":1}},"line":9},"1":{"name":"(anonymous_1)","decl":{"start":{"line":22,"column":25},"end":{"line":22,"column":26}},"loc":{"start":{"line":22,"column":34},"end":{"line":26,"column":3}},"line":22},"2":{"name":"(anonymous_2)","decl":{"start":{"line":38,"column":41},"end":{"line":38,"column":42}},"loc":{"start":{"line":38,"column":56},"end":{"line":38,"column":77}},"line":38},"3":{"name":"(anonymous_3)","decl":{"start":{"line":40,"column":21},"end":{"line":40,"column":22}},"loc":{"start":{"line":40,"column":27},"end":{"line":40,"column":49}},"line":40},"4":{"name":"(anonymous_4)","decl":{"start":{"line":41,"column":23},"end":{"line":41,"column":24}},"loc":{"start":{"line":41,"column":29},"end":{"line":41,"column":55}},"line":41},"5":{"name":"(anonymous_5)","decl":{"start":{"line":80,"column":41},"end":{"line":80,"column":42}},"loc":{"start":{"line":80,"column":47},"end":{"line":80,"column":60}},"line":80},"6":{"name":"(anonymous_6)","decl":{"start":{"line":86,"column":80},"end":{"line":86,"column":81}},"loc":{"start":{"line":86,"column":86},"end":{"line":86,"column":108}},"line":86},"7":{"name":"(anonymous_7)","decl":{"start":{"line":90,"column":38},"end":{"line":90,"column":39}},"loc":{"start":{"line":91,"column":20},"end":{"line":98,"column":29}},"line":91},"8":{"name":"(anonymous_8)","decl":{"start":{"line":95,"column":31},"end":{"line":95,"column":32}},"loc":{"start":{"line":95,"column":37},"end":{"line":95,"column":56}},"line":95},"9":{"name":"(anonymous_9)","decl":{"start":{"line":107,"column":23},"end":{"line":107,"column":24}},"loc":{"start":{"line":107,"column":29},"end":{"line":107,"column":68}},"line":107},"10":{"name":"(anonymous_10)","decl":{"start":{"line":124,"column":25},"end":{"line":124,"column":26}},"loc":{"start":{"line":124,"column":31},"end":{"line":124,"column":49}},"line":124},"11":{"name":"(anonymous_11)","decl":{"start":{"line":144,"column":110},"end":{"line":144,"column":111}},"loc":{"start":{"line":144,"column":116},"end":{"line":144,"column":134}},"line":144},"12":{"name":"(anonymous_12)","decl":{"start":{"line":145,"column":114},"end":{"line":145,"column":115}},"loc":{"start":{"line":145,"column":120},"end":{"line":145,"column":138}},"line":145},"13":{"name":"(anonymous_13)","decl":{"start":{"line":146,"column":114},"end":{"line":146,"column":115}},"loc":{"start":{"line":146,"column":120},"end":{"line":146,"column":138}},"line":146},"14":{"name":"(anonymous_14)","decl":{"start":{"line":147,"column":112},"end":{"line":147,"column":113}},"loc":{"start":{"line":147,"column":118},"end":{"line":147,"column":136}},"line":147},"15":{"name":"(anonymous_15)","decl":{"start":{"line":148,"column":114},"end":{"line":148,"column":115}},"loc":{"start":{"line":148,"column":120},"end":{"line":148,"column":138}},"line":148},"16":{"name":"(anonymous_16)","decl":{"start":{"line":149,"column":126},"end":{"line":149,"column":127}},"loc":{"start":{"line":149,"column":132},"end":{"line":149,"column":150}},"line":149},"17":{"name":"(anonymous_17)","decl":{"start":{"line":165,"column":28},"end":{"line":165,"column":29}},"loc":{"start":{"line":165,"column":35},"end":{"line":170,"column":17}},"line":165}},"branchMap":{"0":{"loc":{"start":{"line":28,"column":22},"end":{"line":28,"column":46}},"type":"binary-expr","locations":[{"start":{"line":28,"column":22},"end":{"line":28,"column":35}},{"start":{"line":28,"column":39},"end":{"line":28,"column":46}}],"line":28},"1":{"loc":{"start":{"line":38,"column":20},"end":{"line":38,"column":85}},"type":"cond-expr","locations":[{"start":{"line":38,"column":28},"end":{"line":38,"column":81}},{"start":{"line":38,"column":84},"end":{"line":38,"column":85}}],"line":38},"2":{"loc":{"start":{"line":73,"column":15},"end":{"line":73,"column":46}},"type":"cond-expr","locations":[{"start":{"line":73,"column":26},"end":{"line":73,"column":33}},{"start":{"line":73,"column":36},"end":{"line":73,"column":46}}],"line":73},"3":{"loc":{"start":{"line":87,"column":46},"end":{"line":87,"column":77}},"type":"binary-expr","locations":[{"start":{"line":87,"column":46},"end":{"line":87,"column":69}},{"start":{"line":87,"column":73},"end":{"line":87,"column":77}}],"line":87},"4":{"loc":{"start":{"line":88,"column":15},"end":{"line":101,"column":15}},"type":"binary-expr","locations":[{"start":{"line":88,"column":15},"end":{"line":88,"column":23}},{"start":{"line":89,"column":16},"end":{"line":100,"column":22}}],"line":88},"5":{"loc":{"start":{"line":94,"column":48},"end":{"line":94,"column":83}},"type":"cond-expr","locations":[{"start":{"line":94,"column":70},"end":{"line":94,"column":78}},{"start":{"line":94,"column":81},"end":{"line":94,"column":83}}],"line":94},"6":{"loc":{"start":{"line":97,"column":23},"end":{"line":97,"column":109}},"type":"cond-expr","locations":[{"start":{"line":97,"column":41},"end":{"line":97,"column":57}},{"start":{"line":97,"column":60},"end":{"line":97,"column":109}}],"line":97},"7":{"loc":{"start":{"line":97,"column":60},"end":{"line":97,"column":109}},"type":"cond-expr","locations":[{"start":{"line":97,"column":78},"end":{"line":97,"column":92}},{"start":{"line":97,"column":95},"end":{"line":97,"column":109}}],"line":97},"8":{"loc":{"start":{"line":106,"column":27},"end":{"line":106,"column":64}},"type":"cond-expr","locations":[{"start":{"line":106,"column":35},"end":{"line":106,"column":49}},{"start":{"line":106,"column":52},"end":{"line":106,"column":64}}],"line":106},"9":{"loc":{"start":{"line":107,"column":38},"end":{"line":107,"column":67}},"type":"cond-expr","locations":[{"start":{"line":107,"column":46},"end":{"line":107,"column":56}},{"start":{"line":107,"column":59},"end":{"line":107,"column":67}}],"line":107},"10":{"loc":{"start":{"line":108,"column":21},"end":{"line":108,"column":65}},"type":"cond-expr","locations":[{"start":{"line":108,"column":29},"end":{"line":108,"column":42}},{"start":{"line":108,"column":45},"end":{"line":108,"column":65}}],"line":108},"11":{"loc":{"start":{"line":116,"column":21},"end":{"line":116,"column":68}},"type":"cond-expr","locations":[{"start":{"line":116,"column":40},"end":{"line":116,"column":52}},{"start":{"line":116,"column":55},"end":{"line":116,"column":68}}],"line":116},"12":{"loc":{"start":{"line":118,"column":15},"end":{"line":118,"column":56}},"type":"cond-expr","locations":[{"start":{"line":118,"column":34},"end":{"line":118,"column":43}},{"start":{"line":118,"column":46},"end":{"line":118,"column":56}}],"line":118},"13":{"loc":{"start":{"line":121,"column":13},"end":{"line":129,"column":13}},"type":"binary-expr","locations":[{"start":{"line":121,"column":13},"end":{"line":121,"column":27}},{"start":{"line":122,"column":14},"end":{"line":128,"column":23}}],"line":121},"14":{"loc":{"start":{"line":137,"column":15},"end":{"line":137,"column":79}},"type":"binary-expr","locations":[{"start":{"line":137,"column":15},"end":{"line":137,"column":28}},{"start":{"line":137,"column":32},"end":{"line":137,"column":79}}],"line":137},"15":{"loc":{"start":{"line":143,"column":41},"end":{"line":143,"column":63}},"type":"cond-expr","locations":[{"start":{"line":143,"column":52},"end":{"line":143,"column":58}},{"start":{"line":143,"column":61},"end":{"line":143,"column":63}}],"line":143},"16":{"loc":{"start":{"line":144,"column":58},"end":{"line":144,"column":99}},"type":"cond-expr","locations":[{"start":{"line":144,"column":86},"end":{"line":144,"column":94}},{"start":{"line":144,"column":97},"end":{"line":144,"column":99}}],"line":144},"17":{"loc":{"start":{"line":145,"column":60},"end":{"line":145,"column":103}},"type":"cond-expr","locations":[{"start":{"line":145,"column":90},"end":{"line":145,"column":98}},{"start":{"line":145,"column":101},"end":{"line":145,"column":103}}],"line":145},"18":{"loc":{"start":{"line":146,"column":60},"end":{"line":146,"column":103}},"type":"cond-expr","locations":[{"start":{"line":146,"column":90},"end":{"line":146,"column":98}},{"start":{"line":146,"column":101},"end":{"line":146,"column":103}}],"line":146},"19":{"loc":{"start":{"line":147,"column":59},"end":{"line":147,"column":101}},"type":"cond-expr","locations":[{"start":{"line":147,"column":88},"end":{"line":147,"column":96}},{"start":{"line":147,"column":99},"end":{"line":147,"column":101}}],"line":147},"20":{"loc":{"start":{"line":148,"column":60},"end":{"line":148,"column":103}},"type":"cond-expr","locations":[{"start":{"line":148,"column":90},"end":{"line":148,"column":98}},{"start":{"line":148,"column":101},"end":{"line":148,"column":103}}],"line":148},"21":{"loc":{"start":{"line":149,"column":66},"end":{"line":149,"column":115}},"type":"cond-expr","locations":[{"start":{"line":149,"column":102},"end":{"line":149,"column":110}},{"start":{"line":149,"column":113},"end":{"line":149,"column":115}}],"line":149},"22":{"loc":{"start":{"line":153,"column":11},"end":{"line":174,"column":11}},"type":"binary-expr","locations":[{"start":{"line":153,"column":11},"end":{"line":153,"column":21}},{"start":{"line":154,"column":12},"end":{"line":173,"column":25}}],"line":153},"23":{"loc":{"start":{"line":166,"column":18},"end":{"line":169,"column":19}},"type":"if","locations":[{"start":{"line":166,"column":18},"end":{"line":169,"column":19}},{"start":{},"end":{}}],"line":166}},"s":{"0":36,"1":36,"2":36,"3":36,"4":36,"5":36,"6":36,"7":36,"8":36,"9":36,"10":36,"11":1,"12":1,"13":1,"14":36,"15":36,"16":36,"17":36,"18":2,"19":36,"20":4,"21":36,"22":4,"23":36,"24":1,"25":2,"26":3,"27":1,"28":2,"29":1,"30":1,"31":1,"32":1,"33":1,"34":1,"35":1,"36":2,"37":1,"38":1},"f":{"0":36,"1":1,"2":2,"3":4,"4":4,"5":1,"6":2,"7":3,"8":1,"9":2,"10":1,"11":1,"12":1,"13":1,"14":1,"15":1,"16":1,"17":2},"b":{"0":[36,1],"1":[35,1],"2":[3,33],"3":[36,1],"4":[36,1],"5":[1,2],"6":[1,2],"7":[1,1],"8":[1,35],"9":[1,1],"10":[1,35],"11":[35,1],"12":[35,1],"13":[36,1],"14":[36,1],"15":[3,33],"16":[1,35],"17":[31,5],"18":[1,35],"19":[1,35],"20":[1,35],"21":[1,35],"22":[36,3],"23":[1,1]},"_coverageSchema":"1a1c01bbd47fc00a2c39e90264f33305004495a9","hash":"26b3ff0b9298197f15f3b909932e8a5fb18f98d9"}
,"/home/michel/Documents/testes_atalaia/frontend/src/components/MiniCart.js": {"path":"/home/michel/Documents/testes_atalaia/frontend/src/components/MiniCart.js","statementMap":{"0":{"start":{"line":10,"column":18},"end":{"line":10,"column":34}},"1":{"start":{"line":11,"column":21},"end":{"line":11,"column":34}},"2":{"start":{"line":12,"column":84},"end":{"line":12,"column":98}},"3":{"start":{"line":14,"column":27},"end":{"line":17,"column":5}},"4":{"start":{"line":15,"column":8},"end":{"line":15,"column":20}},"5":{"start":{"line":16,"column":8},"end":{"line":16,"column":30}},"6":{"start":{"line":19,"column":32},"end":{"line":23,"column":5}},"7":{"start":{"line":20,"column":8},"end":{"line":22,"column":9}},"8":{"start":{"line":21,"column":12},"end":{"line":21,"column":24}},"9":{"start":{"line":25,"column":4},"end":{"line":106,"column":6}},"10":{"start":{"line":36,"column":40},"end":{"line":36,"column":59}},"11":{"start":{"line":56,"column":40},"end":{"line":83,"column":46}},"12":{"start":{"line":64,"column":134},"end":{"line":64,"column":157}},"13":{"start":{"line":76,"column":79},"end":{"line":76,"column":146}},"14":{"start":{"line":78,"column":113},"end":{"line":78,"column":157}}},"fnMap":{"0":{"name":"MiniCart","decl":{"start":{"line":9,"column":24},"end":{"line":9,"column":32}},"loc":{"start":{"line":9,"column":35},"end":{"line":107,"column":1}},"line":9},"1":{"name":"(anonymous_1)","decl":{"start":{"line":14,"column":27},"end":{"line":14,"column":28}},"loc":{"start":{"line":14,"column":33},"end":{"line":17,"column":5}},"line":14},"2":{"name":"(anonymous_2)","decl":{"start":{"line":19,"column":32},"end":{"line":19,"column":33}},"loc":{"start":{"line":19,"column":39},"end":{"line":23,"column":5}},"line":19},"3":{"name":"(anonymous_3)","decl":{"start":{"line":36,"column":33},"end":{"line":36,"column":34}},"loc":{"start":{"line":36,"column":40},"end":{"line":36,"column":59}},"line":36},"4":{"name":"(anonymous_4)","decl":{"start":{"line":55,"column":47},"end":{"line":55,"column":48}},"loc":{"start":{"line":56,"column":40},"end":{"line":83,"column":46}},"line":56},"5":{"name":"(anonymous_5)","decl":{"start":{"line":64,"column":128},"end":{"line":64,"column":129}},"loc":{"start":{"line":64,"column":134},"end":{"line":64,"column":157}},"line":64},"6":{"name":"(anonymous_6)","decl":{"start":{"line":76,"column":73},"end":{"line":76,"column":74}},"loc":{"start":{"line":76,"column":79},"end":{"line":76,"column":146}},"line":76},"7":{"name":"(anonymous_7)","decl":{"start":{"line":78,"column":107},"end":{"line":78,"column":108}},"loc":{"start":{"line":78,"column":113},"end":{"line":78,"column":157}},"line":78}},"branchMap":{"0":{"loc":{"start":{"line":20,"column":8},"end":{"line":22,"column":9}},"type":"if","locations":[{"start":{"line":20,"column":8},"end":{"line":22,"column":9}},{"start":{},"end":{}}],"line":20},"1":{"loc":{"start":{"line":27,"column":13},"end":{"line":104,"column":13}},"type":"binary-expr","locations":[{"start":{"line":27,"column":13},"end":{"line":27,"column":23}},{"start":{"line":28,"column":16},"end":{"line":103,"column":22}}],"line":27},"2":{"loc":{"start":{"line":46,"column":29},"end":{"line":86,"column":29}},"type":"cond-expr","locations":[{"start":{"line":47,"column":32},"end":{"line":52,"column":38}},{"start":{"line":54,"column":32},"end":{"line":85,"column":38}}],"line":46},"3":{"loc":{"start":{"line":70,"column":53},"end":{"line":70,"column":110}},"type":"binary-expr","locations":[{"start":{"line":70,"column":53},"end":{"line":70,"column":65}},{"start":{"line":70,"column":69},"end":{"line":70,"column":110}}],"line":70},"4":{"loc":{"start":{"line":71,"column":53},"end":{"line":71,"column":104}},"type":"binary-expr","locations":[{"start":{"line":71,"column":53},"end":{"line":71,"column":61}},{"start":{"line":71,"column":65},"end":{"line":71,"column":104}}],"line":71},"5":{"loc":{"start":{"line":76,"column":79},"end":{"line":76,"column":146}},"type":"binary-expr","locations":[{"start":{"line":76,"column":79},"end":{"line":76,"column":98}},{"start":{"line":76,"column":102},"end":{"line":76,"column":146}}],"line":76},"6":{"loc":{"start":{"line":89,"column":25},"end":{"line":101,"column":25}},"type":"binary-expr","locations":[{"start":{"line":89,"column":25},"end":{"line":89,"column":41}},{"start":{"line":90,"column":28},"end":{"line":100,"column":34}}],"line":89}},"s":{"0":13,"1":13,"2":13,"3":13,"4":1,"5":1,"6":13,"7":2,"8":1,"9":13,"10":9,"11":11,"12":1,"13":2,"14":1},"f":{"0":13,"1":1,"2":2,"3":9,"4":11,"5":1,"6":2,"7":1},"b":{"0":[1,1],"1":[13,12],"2":[1,11],"3":[11,9],"4":[11,9],"5":[2,1],"6":[12,11]},"_coverageSchema":"1a1c01bbd47fc00a2c39e90264f33305004495a9","hash":"61d0f898332719057a836144b2c6c01c63a00c49"}
,"/home/michel/Documents/testes_atalaia/frontend/src/components/ProductCard.js": {"path":"/home/michel/Documents/testes_atalaia/frontend/src/components/ProductCard.js","statementMap":{"0":{"start":{"line":12,"column":16},"end":{"line":12,"column":32}},"1":{"start":{"line":13,"column":32},"end":{"line":13,"column":46}},"2":{"start":{"line":14,"column":42},"end":{"line":14,"column":54}},"3":{"start":{"line":15,"column":44},"end":{"line":15,"column":56}},"4":{"start":{"line":16,"column":32},"end":{"line":16,"column":46}},"5":{"start":{"line":17,"column":42},"end":{"line":17,"column":57}},"6":{"start":{"line":18,"column":36},"end":{"line":18,"column":51}},"7":{"start":{"line":19,"column":48},"end":{"line":19,"column":63}},"8":{"start":{"line":20,"column":19},"end":{"line":20,"column":32}},"9":{"start":{"line":21,"column":20},"end":{"line":21,"column":58}},"10":{"start":{"line":21,"column":42},"end":{"line":21,"column":57}},"11":{"start":{"line":22,"column":20},"end":{"line":22,"column":34}},"12":{"start":{"line":24,"column":2},"end":{"line":45,"column":18}},"13":{"start":{"line":25,"column":25},"end":{"line":42,"column":5}},"14":{"start":{"line":26,"column":6},"end":{"line":41,"column":7}},"15":{"start":{"line":27,"column":25},"end":{"line":29,"column":9}},"16":{"start":{"line":30,"column":8},"end":{"line":30,"column":34}},"17":{"start":{"line":31,"column":8},"end":{"line":33,"column":9}},"18":{"start":{"line":32,"column":10},"end":{"line":32,"column":64}},"19":{"start":{"line":34,"column":8},"end":{"line":36,"column":9}},"20":{"start":{"line":35,"column":10},"end":{"line":35,"column":62}},"21":{"start":{"line":38,"column":8},"end":{"line":38,"column":56}},"22":{"start":{"line":40,"column":8},"end":{"line":40,"column":26}},"23":{"start":{"line":44,"column":4},"end":{"line":44,"column":19}},"24":{"start":{"line":47,"column":2},"end":{"line":61,"column":25}},"25":{"start":{"line":48,"column":4},"end":{"line":48,"column":37}},"26":{"start":{"line":48,"column":30},"end":{"line":48,"column":37}},"27":{"start":{"line":49,"column":27},"end":{"line":59,"column":5}},"28":{"start":{"line":50,"column":6},"end":{"line":58,"column":7}},"29":{"start":{"line":51,"column":25},"end":{"line":54,"column":9}},"30":{"start":{"line":55,"column":8},"end":{"line":55,"column":46}},"31":{"start":{"line":60,"column":4},"end":{"line":60,"column":21}},"32":{"start":{"line":63,"column":25},"end":{"line":87,"column":3}},"33":{"start":{"line":64,"column":4},"end":{"line":64,"column":24}},"34":{"start":{"line":65,"column":4},"end":{"line":68,"column":5}},"35":{"start":{"line":66,"column":6},"end":{"line":66,"column":25}},"36":{"start":{"line":67,"column":6},"end":{"line":67,"column":13}},"37":{"start":{"line":69,"column":4},"end":{"line":69,"column":29}},"38":{"start":{"line":70,"column":4},"end":{"line":86,"column":5}},"39":{"start":{"line":71,"column":6},"end":{"line":81,"column":7}},"40":{"start":{"line":72,"column":8},"end":{"line":74,"column":10}},"41":{"start":{"line":75,"column":8},"end":{"line":75,"column":28}},"42":{"start":{"line":77,"column":8},"end":{"line":79,"column":10}},"43":{"start":{"line":80,"column":8},"end":{"line":80,"column":27}},"44":{"start":{"line":83,"column":6},"end":{"line":83,"column":59}},"45":{"start":{"line":83,"column":40},"end":{"line":83,"column":59}},"46":{"start":{"line":85,"column":6},"end":{"line":85,"column":32}},"47":{"start":{"line":89,"column":26},"end":{"line":104,"column":3}},"48":{"start":{"line":90,"column":4},"end":{"line":90,"column":24}},"49":{"start":{"line":91,"column":4},"end":{"line":91,"column":26}},"50":{"start":{"line":92,"column":4},"end":{"line":103,"column":5}},"51":{"start":{"line":93,"column":6},"end":{"line":93,"column":65}},"52":{"start":{"line":94,"column":6},"end":{"line":94,"column":29}},"53":{"start":{"line":97,"column":6},"end":{"line":101,"column":7}},"54":{"start":{"line":98,"column":8},"end":{"line":98,"column":27}},"55":{"start":{"line":100,"column":8},"end":{"line":100,"column":63}},"56":{"start":{"line":102,"column":6},"end":{"line":102,"column":29}},"57":{"start":{"line":106,"column":2},"end":{"line":106,"column":68}},"58":{"start":{"line":106,"column":15},"end":{"line":106,"column":68}},"59":{"start":{"line":107,"column":2},"end":{"line":107,"column":28}},"60":{"start":{"line":107,"column":16},"end":{"line":107,"column":28}},"61":{"start":{"line":109,"column":2},"end":{"line":145,"column":4}},"62":{"start":{"line":110,"column":76},"end":{"line":110,"column":110}}},"fnMap":{"0":{"name":"ProductCard","decl":{"start":{"line":11,"column":24},"end":{"line":11,"column":35}},"loc":{"start":{"line":11,"column":51},"end":{"line":146,"column":1}},"line":11},"1":{"name":"(anonymous_1)","decl":{"start":{"line":21,"column":33},"end":{"line":21,"column":34}},"loc":{"start":{"line":21,"column":42},"end":{"line":21,"column":57}},"line":21},"2":{"name":"(anonymous_2)","decl":{"start":{"line":24,"column":12},"end":{"line":24,"column":13}},"loc":{"start":{"line":24,"column":18},"end":{"line":45,"column":3}},"line":24},"3":{"name":"(anonymous_3)","decl":{"start":{"line":25,"column":25},"end":{"line":25,"column":26}},"loc":{"start":{"line":25,"column":37},"end":{"line":42,"column":5}},"line":25},"4":{"name":"(anonymous_4)","decl":{"start":{"line":47,"column":12},"end":{"line":47,"column":13}},"loc":{"start":{"line":47,"column":18},"end":{"line":61,"column":3}},"line":47},"5":{"name":"(anonymous_5)","decl":{"start":{"line":49,"column":27},"end":{"line":49,"column":28}},"loc":{"start":{"line":49,"column":39},"end":{"line":59,"column":5}},"line":49},"6":{"name":"(anonymous_6)","decl":{"start":{"line":63,"column":25},"end":{"line":63,"column":26}},"loc":{"start":{"line":63,"column":38},"end":{"line":87,"column":3}},"line":63},"7":{"name":"(anonymous_7)","decl":{"start":{"line":89,"column":26},"end":{"line":89,"column":27}},"loc":{"start":{"line":89,"column":39},"end":{"line":104,"column":3}},"line":89},"8":{"name":"(anonymous_8)","decl":{"start":{"line":110,"column":70},"end":{"line":110,"column":71}},"loc":{"start":{"line":110,"column":76},"end":{"line":110,"column":110}},"line":110}},"branchMap":{"0":{"loc":{"start":{"line":31,"column":8},"end":{"line":33,"column":9}},"type":"if","locations":[{"start":{"line":31,"column":8},"end":{"line":33,"column":9}},{"start":{},"end":{}}],"line":31},"1":{"loc":{"start":{"line":34,"column":8},"end":{"line":36,"column":9}},"type":"if","locations":[{"start":{"line":34,"column":8},"end":{"line":36,"column":9}},{"start":{},"end":{}}],"line":34},"2":{"loc":{"start":{"line":48,"column":4},"end":{"line":48,"column":37}},"type":"if","locations":[{"start":{"line":48,"column":4},"end":{"line":48,"column":37}},{"start":{},"end":{}}],"line":48},"3":{"loc":{"start":{"line":48,"column":8},"end":{"line":48,"column":28}},"type":"binary-expr","locations":[{"start":{"line":48,"column":8},"end":{"line":48,"column":14}},{"start":{"line":48,"column":18},"end":{"line":48,"column":28}}],"line":48},"4":{"loc":{"start":{"line":65,"column":4},"end":{"line":68,"column":5}},"type":"if","locations":[{"start":{"line":65,"column":4},"end":{"line":68,"column":5}},{"start":{},"end":{}}],"line":65},"5":{"loc":{"start":{"line":71,"column":6},"end":{"line":81,"column":7}},"type":"if","locations":[{"start":{"line":71,"column":6},"end":{"line":81,"column":7}},{"start":{"line":76,"column":13},"end":{"line":81,"column":7}}],"line":71},"6":{"loc":{"start":{"line":83,"column":6},"end":{"line":83,"column":59}},"type":"if","locations":[{"start":{"line":83,"column":6},"end":{"line":83,"column":59}},{"start":{},"end":{}}],"line":83},"7":{"loc":{"start":{"line":97,"column":6},"end":{"line":101,"column":7}},"type":"if","locations":[{"start":{"line":97,"column":6},"end":{"line":101,"column":7}},{"start":{"line":99,"column":13},"end":{"line":101,"column":7}}],"line":97},"8":{"loc":{"start":{"line":97,"column":10},"end":{"line":97,"column":57}},"type":"binary-expr","locations":[{"start":{"line":97,"column":10},"end":{"line":97,"column":24}},{"start":{"line":97,"column":28},"end":{"line":97,"column":57}}],"line":97},"9":{"loc":{"start":{"line":106,"column":2},"end":{"line":106,"column":68}},"type":"if","locations":[{"start":{"line":106,"column":2},"end":{"line":106,"column":68}},{"start":{},"end":{}}],"line":106},"10":{"loc":{"start":{"line":107,"column":2},"end":{"line":107,"column":28}},"type":"if","locations":[{"start":{"line":107,"column":2},"end":{"line":107,"column":28}},{"start":{},"end":{}}],"line":107},"11":{"loc":{"start":{"line":114,"column":37},"end":{"line":114,"column":65}},"type":"cond-expr","locations":[{"start":{"line":114,"column":49},"end":{"line":114,"column":60}},{"start":{"line":114,"column":63},"end":{"line":114,"column":65}}],"line":114},"12":{"loc":{"start":{"line":117,"column":22},"end":{"line":117,"column":150}},"type":"cond-expr","locations":[{"start":{"line":117,"column":34},"end":{"line":117,"column":92}},{"start":{"line":117,"column":95},"end":{"line":117,"column":150}}],"line":117},"13":{"loc":{"start":{"line":120,"column":11},"end":{"line":120,"column":48}},"type":"cond-expr","locations":[{"start":{"line":120,"column":23},"end":{"line":120,"column":34}},{"start":{"line":120,"column":37},"end":{"line":120,"column":48}}],"line":120},"14":{"loc":{"start":{"line":126,"column":40},"end":{"line":126,"column":79}},"type":"cond-expr","locations":[{"start":{"line":126,"column":64},"end":{"line":126,"column":74}},{"start":{"line":126,"column":77},"end":{"line":126,"column":79}}],"line":126},"15":{"loc":{"start":{"line":129,"column":22},"end":{"line":129,"column":59}},"type":"binary-expr","locations":[{"start":{"line":129,"column":22},"end":{"line":129,"column":43}},{"start":{"line":129,"column":47},"end":{"line":129,"column":59}}],"line":129},"16":{"loc":{"start":{"line":131,"column":13},"end":{"line":133,"column":36}},"type":"cond-expr","locations":[{"start":{"line":132,"column":17},"end":{"line":132,"column":75}},{"start":{"line":133,"column":16},"end":{"line":133,"column":36}}],"line":131},"17":{"loc":{"start":{"line":132,"column":17},"end":{"line":132,"column":75}},"type":"cond-expr","locations":[{"start":{"line":132,"column":32},"end":{"line":132,"column":51}},{"start":{"line":132,"column":54},"end":{"line":132,"column":75}}],"line":132}},"s":{"0":48,"1":48,"2":48,"3":48,"4":48,"5":48,"6":48,"7":48,"8":48,"9":48,"10":48,"11":48,"12":48,"13":17,"14":17,"15":17,"16":15,"17":15,"18":14,"19":15,"20":14,"21":1,"22":16,"23":17,"24":48,"25":17,"26":10,"27":7,"28":7,"29":7,"30":7,"31":7,"32":48,"33":6,"34":6,"35":1,"36":1,"37":5,"38":5,"39":5,"40":1,"41":1,"42":4,"43":1,"44":3,"45":1,"46":5,"47":48,"48":4,"49":4,"50":4,"51":4,"52":2,"53":2,"54":1,"55":1,"56":2,"57":48,"58":17,"59":31,"60":1,"61":30,"62":1},"f":{"0":48,"1":48,"2":17,"3":17,"4":17,"5":7,"6":6,"7":4,"8":1},"b":{"0":[14,1],"1":[14,1],"2":[10,7],"3":[17,7],"4":[1,5],"5":[1,4],"6":[1,2],"7":[1,1],"8":[2,1],"9":[17,31],"10":[1,30],"11":[3,27],"12":[3,27],"13":[3,27],"14":[1,29],"15":[30,29],"16":[29,1],"17":[4,25]},"_coverageSchema":"1a1c01bbd47fc00a2c39e90264f33305004495a9","hash":"73cdb357453639c5874a3cf45bf6239cdd27056c"}
,"/home/michel/Documents/testes_atalaia/frontend/src/config/api.js": {"path":"/home/michel/Documents/testes_atalaia/frontend/src/config/api.js","statementMap":{"0":{"start":{"line":1,"column":16},"end":{"line":1,"column":72}}},"fnMap":{},"branchMap":{"0":{"loc":{"start":{"line":1,"column":16},"end":{"line":1,"column":72}},"type":"binary-expr","locations":[{"start":{"line":1,"column":16},"end":{"line":1,"column":45}},{"start":{"line":1,"column":49},"end":{"line":1,"column":72}}],"line":1}},"s":{"0":8},"f":{},"b":{"0":[8,8]},"_coverageSchema":"1a1c01bbd47fc00a2c39e90264f33305004495a9","hash":"eaa90851a034b2434fe9a095f7a37801f9da0384"}
,"/home/michel/Documents/testes_atalaia/frontend/src/pages/About.js": {"path":"/home/michel/Documents/testes_atalaia/frontend/src/pages/About.js","statementMap":{"0":{"start":{"line":5,"column":4},"end":{"line":23,"column":6}}},"fnMap":{"0":{"name":"About","decl":{"start":{"line":4,"column":24},"end":{"line":4,"column":29}},"loc":{"start":{"line":4,"column":32},"end":{"line":24,"column":1}},"line":4}},"branchMap":{},"s":{"0":1},"f":{"0":1},"b":{},"_coverageSchema":"1a1c01bbd47fc00a2c39e90264f33305004495a9","hash":"76c7e78e170e9c4180bf48126b8aaf758081015c"}
,"/home/michel/Documents/testes_atalaia/frontend/src/pages/Account.js": {"path":"/home/michel/Documents/testes_atalaia/frontend/src/pages/Account.js","statementMap":{"0":{"start":{"line":7,"column":18},"end":{"line":7,"column":34}},"1":{"start":{"line":8,"column":29},"end":{"line":8,"column":43}},"2":{"start":{"line":9,"column":21},"end":{"line":9,"column":34}},"3":{"start":{"line":11,"column":25},"end":{"line":14,"column":5}},"4":{"start":{"line":12,"column":8},"end":{"line":12,"column":17}},"5":{"start":{"line":13,"column":8},"end":{"line":13,"column":22}},"6":{"start":{"line":16,"column":4},"end":{"line":42,"column":6}}},"fnMap":{"0":{"name":"Account","decl":{"start":{"line":6,"column":24},"end":{"line":6,"column":31}},"loc":{"start":{"line":6,"column":34},"end":{"line":43,"column":1}},"line":6},"1":{"name":"(anonymous_1)","decl":{"start":{"line":11,"column":25},"end":{"line":11,"column":26}},"loc":{"start":{"line":11,"column":31},"end":{"line":14,"column":5}},"line":11}},"branchMap":{"0":{"loc":{"start":{"line":20,"column":107},"end":{"line":20,"column":130}},"type":"binary-expr","locations":[{"start":{"line":20,"column":107},"end":{"line":20,"column":117}},{"start":{"line":20,"column":121},"end":{"line":20,"column":130}}],"line":20},"1":{"loc":{"start":{"line":21,"column":124},"end":{"line":21,"column":165}},"type":"binary-expr","locations":[{"start":{"line":21,"column":125},"end":{"line":21,"column":136}},{"start":{"line":21,"column":142},"end":{"line":21,"column":158}},{"start":{"line":21,"column":163},"end":{"line":21,"column":165}}],"line":21}},"s":{"0":4,"1":4,"2":4,"3":4,"4":4,"5":4,"6":4},"f":{"0":4,"1":4},"b":{"0":[4,3],"1":[4,3,2]},"_coverageSchema":"1a1c01bbd47fc00a2c39e90264f33305004495a9","hash":"b5bf43f1ca9fd6535d0e8b6bff7e38dc15df50c8"}
,"/home/michel/Documents/testes_atalaia/frontend/src/pages/Admin.js": {"path":"/home/michel/Documents/testes_atalaia/frontend/src/pages/Admin.js","statementMap":{"0":{"start":{"line":8,"column":12},"end":{"line":8,"column":28}},"1":{"start":{"line":11,"column":4},"end":{"line":22,"column":6}},"2":{"start":{"line":14,"column":16},"end":{"line":19,"column":25}},"3":{"start":{"line":17,"column":35},"end":{"line":17,"column":64}},"4":{"start":{"line":26,"column":21},"end":{"line":26,"column":34}},"5":{"start":{"line":27,"column":28},"end":{"line":27,"column":42}},"6":{"start":{"line":28,"column":26},"end":{"line":28,"column":47}},"7":{"start":{"line":29,"column":30},"end":{"line":29,"column":79}},"8":{"start":{"line":30,"column":30},"end":{"line":30,"column":42}},"9":{"start":{"line":31,"column":36},"end":{"line":31,"column":48}},"10":{"start":{"line":32,"column":34},"end":{"line":32,"column":46}},"11":{"start":{"line":33,"column":48},"end":{"line":33,"column":62}},"12":{"start":{"line":34,"column":40},"end":{"line":34,"column":152}},"13":{"start":{"line":35,"column":38},"end":{"line":35,"column":122}},"14":{"start":{"line":36,"column":36},"end":{"line":36,"column":48}},"15":{"start":{"line":38,"column":20},"end":{"line":38,"column":82}},"16":{"start":{"line":38,"column":35},"end":{"line":38,"column":71}},"17":{"start":{"line":40,"column":25},"end":{"line":40,"column":96}},"18":{"start":{"line":40,"column":36},"end":{"line":40,"column":53}},"19":{"start":{"line":40,"column":54},"end":{"line":40,"column":94}},"20":{"start":{"line":40,"column":71},"end":{"line":40,"column":86}},"21":{"start":{"line":42,"column":22},"end":{"line":44,"column":17}},"22":{"start":{"line":43,"column":8},"end":{"line":43,"column":105}},"23":{"start":{"line":43,"column":24},"end":{"line":43,"column":74}},"24":{"start":{"line":43,"column":76},"end":{"line":43,"column":93}},"25":{"start":{"line":46,"column":22},"end":{"line":48,"column":17}},"26":{"start":{"line":47,"column":8},"end":{"line":47,"column":105}},"27":{"start":{"line":47,"column":24},"end":{"line":47,"column":74}},"28":{"start":{"line":47,"column":76},"end":{"line":47,"column":93}},"29":{"start":{"line":50,"column":25},"end":{"line":52,"column":17}},"30":{"start":{"line":51,"column":8},"end":{"line":51,"column":111}},"31":{"start":{"line":51,"column":24},"end":{"line":51,"column":77}},"32":{"start":{"line":51,"column":79},"end":{"line":51,"column":99}},"33":{"start":{"line":54,"column":24},"end":{"line":56,"column":17}},"34":{"start":{"line":55,"column":8},"end":{"line":55,"column":109}},"35":{"start":{"line":55,"column":24},"end":{"line":55,"column":76}},"36":{"start":{"line":55,"column":78},"end":{"line":55,"column":97}},"37":{"start":{"line":58,"column":4},"end":{"line":61,"column":43}},"38":{"start":{"line":59,"column":8},"end":{"line":59,"column":70}},"39":{"start":{"line":59,"column":41},"end":{"line":59,"column":60}},"40":{"start":{"line":59,"column":61},"end":{"line":59,"column":68}},"41":{"start":{"line":60,"column":8},"end":{"line":60,"column":20}},"42":{"start":{"line":63,"column":4},"end":{"line":67,"column":52}},"43":{"start":{"line":64,"column":8},"end":{"line":64,"column":41}},"44":{"start":{"line":64,"column":29},"end":{"line":64,"column":41}},"45":{"start":{"line":65,"column":8},"end":{"line":65,"column":47}},"46":{"start":{"line":65,"column":32},"end":{"line":65,"column":47}},"47":{"start":{"line":66,"column":8},"end":{"line":66,"column":45}},"48":{"start":{"line":66,"column":31},"end":{"line":66,"column":45}},"49":{"start":{"line":69,"column":24},"end":{"line":71,"column":5}},"50":{"start":{"line":70,"column":8},"end":{"line":70,"column":190}},"51":{"start":{"line":70,"column":14},"end":{"line":70,"column":90}},"52":{"start":{"line":70,"column":91},"end":{"line":70,"column":103}},"53":{"start":{"line":70,"column":104},"end":{"line":70,"column":142}},"54":{"start":{"line":70,"column":153},"end":{"line":70,"column":188}},"55":{"start":{"line":73,"column":23},"end":{"line":76,"column":5}},"56":{"start":{"line":74,"column":8},"end":{"line":74,"column":66}},"57":{"start":{"line":74,"column":59},"end":{"line":74,"column":66}},"58":{"start":{"line":75,"column":8},"end":{"line":75,"column":176}},"59":{"start":{"line":75,"column":14},"end":{"line":75,"column":74}},"60":{"start":{"line":75,"column":75},"end":{"line":75,"column":87}},"61":{"start":{"line":75,"column":88},"end":{"line":75,"column":122}},"62":{"start":{"line":75,"column":133},"end":{"line":75,"column":174}},"63":{"start":{"line":78,"column":24},"end":{"line":91,"column":5}},"64":{"start":{"line":79,"column":8},"end":{"line":90,"column":60}},"65":{"start":{"line":80,"column":12},"end":{"line":87,"column":13}},"66":{"start":{"line":81,"column":16},"end":{"line":81,"column":107}},"67":{"start":{"line":82,"column":16},"end":{"line":82,"column":69}},"68":{"start":{"line":84,"column":16},"end":{"line":84,"column":83}},"69":{"start":{"line":85,"column":16},"end":{"line":85,"column":134}},"70":{"start":{"line":86,"column":16},"end":{"line":86,"column":48}},"71":{"start":{"line":88,"column":12},"end":{"line":88,"column":36}},"72":{"start":{"line":89,"column":12},"end":{"line":89,"column":27}},"73":{"start":{"line":90,"column":18},"end":{"line":90,"column":58}},"74":{"start":{"line":93,"column":21},"end":{"line":95,"column":5}},"75":{"start":{"line":94,"column":8},"end":{"line":94,"column":124}},"76":{"start":{"line":94,"column":14},"end":{"line":94,"column":96}},"77":{"start":{"line":94,"column":97},"end":{"line":94,"column":112}},"78":{"start":{"line":97,"column":26},"end":{"line":100,"column":5}},"79":{"start":{"line":98,"column":8},"end":{"line":98,"column":68}},"80":{"start":{"line":98,"column":61},"end":{"line":98,"column":68}},"81":{"start":{"line":99,"column":8},"end":{"line":99,"column":178}},"82":{"start":{"line":99,"column":14},"end":{"line":99,"column":77}},"83":{"start":{"line":99,"column":78},"end":{"line":99,"column":93}},"84":{"start":{"line":99,"column":94},"end":{"line":99,"column":130}},"85":{"start":{"line":99,"column":141},"end":{"line":99,"column":176}},"86":{"start":{"line":102,"column":25},"end":{"line":105,"column":5}},"87":{"start":{"line":103,"column":8},"end":{"line":103,"column":27}},"88":{"start":{"line":104,"column":8},"end":{"line":104,"column":300}},"89":{"start":{"line":104,"column":14},"end":{"line":104,"column":79}},"90":{"start":{"line":104,"column":80},"end":{"line":104,"column":169}},"91":{"start":{"line":104,"column":170},"end":{"line":104,"column":184}},"92":{"start":{"line":104,"column":185},"end":{"line":104,"column":215}},"93":{"start":{"line":104,"column":232},"end":{"line":104,"column":298}},"94":{"start":{"line":107,"column":25},"end":{"line":110,"column":5}},"95":{"start":{"line":108,"column":8},"end":{"line":108,"column":66}},"96":{"start":{"line":108,"column":59},"end":{"line":108,"column":66}},"97":{"start":{"line":109,"column":8},"end":{"line":109,"column":170}},"98":{"start":{"line":109,"column":14},"end":{"line":109,"column":76}},"99":{"start":{"line":109,"column":77},"end":{"line":109,"column":91}},"100":{"start":{"line":109,"column":92},"end":{"line":109,"column":124}},"101":{"start":{"line":109,"column":135},"end":{"line":109,"column":168}},"102":{"start":{"line":112,"column":4},"end":{"line":280,"column":6}},"103":{"start":{"line":116,"column":60},"end":{"line":116,"column":73}},"104":{"start":{"line":120,"column":24},"end":{"line":122,"column":33}},"105":{"start":{"line":120,"column":137},"end":{"line":120,"column":146}},"106":{"start":{"line":145,"column":51},"end":{"line":145,"column":66}},"107":{"start":{"line":146,"column":51},"end":{"line":146,"column":69}},"108":{"start":{"line":147,"column":51},"end":{"line":147,"column":68}},"109":{"start":{"line":148,"column":51},"end":{"line":148,"column":97}},"110":{"start":{"line":162,"column":40},"end":{"line":171,"column":45}},"111":{"start":{"line":168,"column":94},"end":{"line":168,"column":111}},"112":{"start":{"line":169,"column":94},"end":{"line":169,"column":118}},"113":{"start":{"line":189,"column":36},"end":{"line":199,"column":42}},"114":{"start":{"line":196,"column":59},"end":{"line":196,"column":201}},"115":{"start":{"line":204,"column":55},"end":{"line":204,"column":197}},"116":{"start":{"line":208,"column":101},"end":{"line":208,"column":124}},"117":{"start":{"line":219,"column":40},"end":{"line":229,"column":45}},"118":{"start":{"line":223,"column":109},"end":{"line":223,"column":126}},"119":{"start":{"line":226,"column":92},"end":{"line":226,"column":119}},"120":{"start":{"line":227,"column":94},"end":{"line":227,"column":121}},"121":{"start":{"line":244,"column":209},"end":{"line":244,"column":277}},"122":{"start":{"line":245,"column":222},"end":{"line":245,"column":278}},"123":{"start":{"line":248,"column":126},"end":{"line":248,"column":178}},"124":{"start":{"line":253,"column":208},"end":{"line":253,"column":265}},"125":{"start":{"line":254,"column":195},"end":{"line":254,"column":250}},"126":{"start":{"line":264,"column":40},"end":{"line":271,"column":45}},"127":{"start":{"line":270,"column":164},"end":{"line":270,"column":192}}},"fnMap":{"0":{"name":"StarRating","decl":{"start":{"line":10,"column":9},"end":{"line":10,"column":19}},"loc":{"start":{"line":10,"column":41},"end":{"line":23,"column":1}},"line":10},"1":{"name":"(anonymous_1)","decl":{"start":{"line":13,"column":33},"end":{"line":13,"column":34}},"loc":{"start":{"line":14,"column":16},"end":{"line":19,"column":25}},"line":14},"2":{"name":"(anonymous_2)","decl":{"start":{"line":17,"column":29},"end":{"line":17,"column":30}},"loc":{"start":{"line":17,"column":35},"end":{"line":17,"column":64}},"line":17},"3":{"name":"Admin","decl":{"start":{"line":25,"column":24},"end":{"line":25,"column":29}},"loc":{"start":{"line":25,"column":32},"end":{"line":281,"column":1}},"line":25},"4":{"name":"(anonymous_4)","decl":{"start":{"line":38,"column":28},"end":{"line":38,"column":29}},"loc":{"start":{"line":38,"column":35},"end":{"line":38,"column":71}},"line":38},"5":{"name":"(anonymous_5)","decl":{"start":{"line":40,"column":25},"end":{"line":40,"column":26}},"loc":{"start":{"line":40,"column":34},"end":{"line":40,"column":96}},"line":40},"6":{"name":"(anonymous_6)","decl":{"start":{"line":40,"column":65},"end":{"line":40,"column":66}},"loc":{"start":{"line":40,"column":71},"end":{"line":40,"column":86}},"line":40},"7":{"name":"(anonymous_7)","decl":{"start":{"line":42,"column":34},"end":{"line":42,"column":35}},"loc":{"start":{"line":42,"column":46},"end":{"line":44,"column":5}},"line":42},"8":{"name":"(anonymous_8)","decl":{"start":{"line":46,"column":34},"end":{"line":46,"column":35}},"loc":{"start":{"line":46,"column":46},"end":{"line":48,"column":5}},"line":46},"9":{"name":"(anonymous_9)","decl":{"start":{"line":50,"column":37},"end":{"line":50,"column":38}},"loc":{"start":{"line":50,"column":49},"end":{"line":52,"column":5}},"line":50},"10":{"name":"(anonymous_10)","decl":{"start":{"line":54,"column":36},"end":{"line":54,"column":37}},"loc":{"start":{"line":54,"column":48},"end":{"line":56,"column":5}},"line":54},"11":{"name":"(anonymous_11)","decl":{"start":{"line":58,"column":14},"end":{"line":58,"column":15}},"loc":{"start":{"line":58,"column":20},"end":{"line":61,"column":5}},"line":58},"12":{"name":"(anonymous_12)","decl":{"start":{"line":63,"column":14},"end":{"line":63,"column":15}},"loc":{"start":{"line":63,"column":20},"end":{"line":67,"column":5}},"line":63},"13":{"name":"(anonymous_13)","decl":{"start":{"line":69,"column":24},"end":{"line":69,"column":25}},"loc":{"start":{"line":69,"column":38},"end":{"line":71,"column":5}},"line":69},"14":{"name":"(anonymous_14)","decl":{"start":{"line":73,"column":23},"end":{"line":73,"column":24}},"loc":{"start":{"line":73,"column":43},"end":{"line":76,"column":5}},"line":73},"15":{"name":"(anonymous_15)","decl":{"start":{"line":78,"column":24},"end":{"line":78,"column":25}},"loc":{"start":{"line":78,"column":36},"end":{"line":91,"column":5}},"line":78},"16":{"name":"(anonymous_16)","decl":{"start":{"line":93,"column":21},"end":{"line":93,"column":22}},"loc":{"start":{"line":93,"column":45},"end":{"line":95,"column":5}},"line":93},"17":{"name":"(anonymous_17)","decl":{"start":{"line":97,"column":26},"end":{"line":97,"column":27}},"loc":{"start":{"line":97,"column":46},"end":{"line":100,"column":5}},"line":97},"18":{"name":"(anonymous_18)","decl":{"start":{"line":102,"column":25},"end":{"line":102,"column":26}},"loc":{"start":{"line":102,"column":38},"end":{"line":105,"column":5}},"line":102},"19":{"name":"(anonymous_19)","decl":{"start":{"line":107,"column":25},"end":{"line":107,"column":26}},"loc":{"start":{"line":107,"column":47},"end":{"line":110,"column":5}},"line":107},"20":{"name":"(anonymous_20)","decl":{"start":{"line":116,"column":54},"end":{"line":116,"column":55}},"loc":{"start":{"line":116,"column":60},"end":{"line":116,"column":73}},"line":116},"21":{"name":"(anonymous_21)","decl":{"start":{"line":119,"column":71},"end":{"line":119,"column":72}},"loc":{"start":{"line":120,"column":24},"end":{"line":122,"column":33}},"line":120},"22":{"name":"(anonymous_22)","decl":{"start":{"line":120,"column":131},"end":{"line":120,"column":132}},"loc":{"start":{"line":120,"column":137},"end":{"line":120,"column":146}},"line":120},"23":{"name":"(anonymous_23)","decl":{"start":{"line":145,"column":45},"end":{"line":145,"column":46}},"loc":{"start":{"line":145,"column":51},"end":{"line":145,"column":66}},"line":145},"24":{"name":"(anonymous_24)","decl":{"start":{"line":146,"column":45},"end":{"line":146,"column":46}},"loc":{"start":{"line":146,"column":51},"end":{"line":146,"column":69}},"line":146},"25":{"name":"(anonymous_25)","decl":{"start":{"line":147,"column":45},"end":{"line":147,"column":46}},"loc":{"start":{"line":147,"column":51},"end":{"line":147,"column":68}},"line":147},"26":{"name":"(anonymous_26)","decl":{"start":{"line":148,"column":45},"end":{"line":148,"column":46}},"loc":{"start":{"line":148,"column":51},"end":{"line":148,"column":97}},"line":148},"27":{"name":"(anonymous_27)","decl":{"start":{"line":161,"column":47},"end":{"line":161,"column":48}},"loc":{"start":{"line":162,"column":40},"end":{"line":171,"column":45}},"line":162},"28":{"name":"(anonymous_28)","decl":{"start":{"line":168,"column":88},"end":{"line":168,"column":89}},"loc":{"start":{"line":168,"column":94},"end":{"line":168,"column":111}},"line":168},"29":{"name":"(anonymous_29)","decl":{"start":{"line":169,"column":88},"end":{"line":169,"column":89}},"loc":{"start":{"line":169,"column":94},"end":{"line":169,"column":118}},"line":169},"30":{"name":"(anonymous_30)","decl":{"start":{"line":188,"column":112},"end":{"line":188,"column":113}},"loc":{"start":{"line":189,"column":36},"end":{"line":199,"column":42}},"line":189},"31":{"name":"(anonymous_31)","decl":{"start":{"line":196,"column":54},"end":{"line":196,"column":55}},"loc":{"start":{"line":196,"column":59},"end":{"line":196,"column":201}},"line":196},"32":{"name":"(anonymous_32)","decl":{"start":{"line":204,"column":50},"end":{"line":204,"column":51}},"loc":{"start":{"line":204,"column":55},"end":{"line":204,"column":197}},"line":204},"33":{"name":"(anonymous_33)","decl":{"start":{"line":208,"column":95},"end":{"line":208,"column":96}},"loc":{"start":{"line":208,"column":101},"end":{"line":208,"column":124}},"line":208},"34":{"name":"(anonymous_34)","decl":{"start":{"line":218,"column":50},"end":{"line":218,"column":51}},"loc":{"start":{"line":219,"column":40},"end":{"line":229,"column":45}},"line":219},"35":{"name":"(anonymous_35)","decl":{"start":{"line":223,"column":104},"end":{"line":223,"column":105}},"loc":{"start":{"line":223,"column":109},"end":{"line":223,"column":126}},"line":223},"36":{"name":"(anonymous_36)","decl":{"start":{"line":226,"column":86},"end":{"line":226,"column":87}},"loc":{"start":{"line":226,"column":92},"end":{"line":226,"column":119}},"line":226},"37":{"name":"(anonymous_37)","decl":{"start":{"line":227,"column":88},"end":{"line":227,"column":89}},"loc":{"start":{"line":227,"column":94},"end":{"line":227,"column":121}},"line":227},"38":{"name":"(anonymous_38)","decl":{"start":{"line":244,"column":204},"end":{"line":244,"column":205}},"loc":{"start":{"line":244,"column":209},"end":{"line":244,"column":277}},"line":244},"39":{"name":"(anonymous_39)","decl":{"start":{"line":245,"column":217},"end":{"line":245,"column":218}},"loc":{"start":{"line":245,"column":222},"end":{"line":245,"column":278}},"line":245},"40":{"name":"(anonymous_40)","decl":{"start":{"line":248,"column":121},"end":{"line":248,"column":122}},"loc":{"start":{"line":248,"column":126},"end":{"line":248,"column":178}},"line":248},"41":{"name":"(anonymous_41)","decl":{"start":{"line":253,"column":203},"end":{"line":253,"column":204}},"loc":{"start":{"line":253,"column":208},"end":{"line":253,"column":265}},"line":253},"42":{"name":"(anonymous_42)","decl":{"start":{"line":254,"column":190},"end":{"line":254,"column":191}},"loc":{"start":{"line":254,"column":195},"end":{"line":254,"column":250}},"line":254},"43":{"name":"(anonymous_43)","decl":{"start":{"line":263,"column":49},"end":{"line":263,"column":50}},"loc":{"start":{"line":264,"column":40},"end":{"line":271,"column":45}},"line":264},"44":{"name":"(anonymous_44)","decl":{"start":{"line":270,"column":158},"end":{"line":270,"column":159}},"loc":{"start":{"line":270,"column":164},"end":{"line":270,"column":192}},"line":270}},"branchMap":{"0":{"loc":{"start":{"line":16,"column":31},"end":{"line":16,"column":66}},"type":"cond-expr","locations":[{"start":{"line":16,"column":44},"end":{"line":16,"column":57}},{"start":{"line":16,"column":60},"end":{"line":16,"column":66}}],"line":16},"1":{"loc":{"start":{"line":17,"column":44},"end":{"line":17,"column":63}},"type":"cond-expr","locations":[{"start":{"line":17,"column":58},"end":{"line":17,"column":59}},{"start":{"line":17,"column":62},"end":{"line":17,"column":63}}],"line":17},"2":{"loc":{"start":{"line":18,"column":42},"end":{"line":18,"column":58}},"type":"cond-expr","locations":[{"start":{"line":18,"column":50},"end":{"line":18,"column":53}},{"start":{"line":18,"column":56},"end":{"line":18,"column":58}}],"line":18},"3":{"loc":{"start":{"line":59,"column":8},"end":{"line":59,"column":70}},"type":"if","locations":[{"start":{"line":59,"column":8},"end":{"line":59,"column":70}},{"start":{},"end":{}}],"line":59},"4":{"loc":{"start":{"line":59,"column":12},"end":{"line":59,"column":37}},"type":"binary-expr","locations":[{"start":{"line":59,"column":12},"end":{"line":59,"column":18}},{"start":{"line":59,"column":22},"end":{"line":59,"column":37}}],"line":59},"5":{"loc":{"start":{"line":64,"column":8},"end":{"line":64,"column":41}},"type":"if","locations":[{"start":{"line":64,"column":8},"end":{"line":64,"column":41}},{"start":{},"end":{}}],"line":64},"6":{"loc":{"start":{"line":65,"column":8},"end":{"line":65,"column":47}},"type":"if","locations":[{"start":{"line":65,"column":8},"end":{"line":65,"column":47}},{"start":{},"end":{}}],"line":65},"7":{"loc":{"start":{"line":66,"column":8},"end":{"line":66,"column":45}},"type":"if","locations":[{"start":{"line":66,"column":8},"end":{"line":66,"column":45}},{"start":{},"end":{}}],"line":66},"8":{"loc":{"start":{"line":74,"column":8},"end":{"line":74,"column":66}},"type":"if","locations":[{"start":{"line":74,"column":8},"end":{"line":74,"column":66}},{"start":{},"end":{}}],"line":74},"9":{"loc":{"start":{"line":80,"column":12},"end":{"line":87,"column":13}},"type":"if","locations":[{"start":{"line":80,"column":12},"end":{"line":87,"column":13}},{"start":{"line":83,"column":19},"end":{"line":87,"column":13}}],"line":80},"10":{"loc":{"start":{"line":98,"column":8},"end":{"line":98,"column":68}},"type":"if","locations":[{"start":{"line":98,"column":8},"end":{"line":98,"column":68}},{"start":{},"end":{}}],"line":98},"11":{"loc":{"start":{"line":104,"column":245},"end":{"line":104,"column":296}},"type":"binary-expr","locations":[{"start":{"line":104,"column":245},"end":{"line":104,"column":270}},{"start":{"line":104,"column":274},"end":{"line":104,"column":296}}],"line":104},"12":{"loc":{"start":{"line":108,"column":8},"end":{"line":108,"column":66}},"type":"if","locations":[{"start":{"line":108,"column":8},"end":{"line":108,"column":66}},{"start":{},"end":{}}],"line":108},"13":{"loc":{"start":{"line":120,"column":93},"end":{"line":120,"column":118}},"type":"cond-expr","locations":[{"start":{"line":120,"column":105},"end":{"line":120,"column":113}},{"start":{"line":120,"column":116},"end":{"line":120,"column":118}}],"line":120},"14":{"loc":{"start":{"line":133,"column":17},"end":{"line":133,"column":77}},"type":"binary-expr","locations":[{"start":{"line":133,"column":17},"end":{"line":133,"column":25}},{"start":{"line":133,"column":29},"end":{"line":133,"column":77}}],"line":133},"15":{"loc":{"start":{"line":136,"column":17},"end":{"line":151,"column":17}},"type":"binary-expr","locations":[{"start":{"line":136,"column":17},"end":{"line":136,"column":36}},{"start":{"line":137,"column":20},"end":{"line":150,"column":30}}],"line":136},"16":{"loc":{"start":{"line":154,"column":17},"end":{"line":177,"column":17}},"type":"binary-expr","locations":[{"start":{"line":154,"column":17},"end":{"line":154,"column":32}},{"start":{"line":155,"column":20},"end":{"line":176,"column":30}}],"line":154},"17":{"loc":{"start":{"line":162,"column":66},"end":{"line":162,"column":95}},"type":"cond-expr","locations":[{"start":{"line":162,"column":79},"end":{"line":162,"column":90}},{"start":{"line":162,"column":93},"end":{"line":162,"column":95}}],"line":162},"18":{"loc":{"start":{"line":165,"column":74},"end":{"line":165,"column":115}},"type":"cond-expr","locations":[{"start":{"line":165,"column":87},"end":{"line":165,"column":100}},{"start":{"line":165,"column":103},"end":{"line":165,"column":115}}],"line":165},"19":{"loc":{"start":{"line":165,"column":120},"end":{"line":165,"column":151}},"type":"cond-expr","locations":[{"start":{"line":165,"column":133},"end":{"line":165,"column":142}},{"start":{"line":165,"column":145},"end":{"line":165,"column":151}}],"line":165},"20":{"loc":{"start":{"line":168,"column":114},"end":{"line":168,"column":159}},"type":"cond-expr","locations":[{"start":{"line":168,"column":127},"end":{"line":168,"column":142}},{"start":{"line":168,"column":145},"end":{"line":168,"column":159}}],"line":168},"21":{"loc":{"start":{"line":180,"column":17},"end":{"line":235,"column":17}},"type":"binary-expr","locations":[{"start":{"line":180,"column":17},"end":{"line":180,"column":35}},{"start":{"line":181,"column":20},"end":{"line":234,"column":30}}],"line":180},"22":{"loc":{"start":{"line":186,"column":33},"end":{"line":186,"column":103}},"type":"cond-expr","locations":[{"start":{"line":186,"column":50},"end":{"line":186,"column":84}},{"start":{"line":186,"column":87},"end":{"line":186,"column":103}}],"line":186},"23":{"loc":{"start":{"line":195,"column":51},"end":{"line":195,"column":125}},"type":"cond-expr","locations":[{"start":{"line":195,"column":69},"end":{"line":195,"column":96}},{"start":{"line":195,"column":101},"end":{"line":195,"column":124}}],"line":195},"24":{"loc":{"start":{"line":195,"column":69},"end":{"line":195,"column":96}},"type":"binary-expr","locations":[{"start":{"line":195,"column":69},"end":{"line":195,"column":90}},{"start":{"line":195,"column":94},"end":{"line":195,"column":96}}],"line":195},"25":{"loc":{"start":{"line":195,"column":101},"end":{"line":195,"column":124}},"type":"binary-expr","locations":[{"start":{"line":195,"column":101},"end":{"line":195,"column":118}},{"start":{"line":195,"column":122},"end":{"line":195,"column":124}}],"line":195},"26":{"loc":{"start":{"line":196,"column":59},"end":{"line":196,"column":201}},"type":"cond-expr","locations":[{"start":{"line":196,"column":76},"end":{"line":196,"column":141}},{"start":{"line":196,"column":144},"end":{"line":196,"column":201}}],"line":196},"27":{"loc":{"start":{"line":203,"column":136},"end":{"line":203,"column":196}},"type":"cond-expr","locations":[{"start":{"line":203,"column":153},"end":{"line":203,"column":175}},{"start":{"line":203,"column":178},"end":{"line":203,"column":196}}],"line":203},"28":{"loc":{"start":{"line":204,"column":55},"end":{"line":204,"column":197}},"type":"cond-expr","locations":[{"start":{"line":204,"column":72},"end":{"line":204,"column":137}},{"start":{"line":204,"column":140},"end":{"line":204,"column":197}}],"line":204},"29":{"loc":{"start":{"line":207,"column":119},"end":{"line":207,"column":167}},"type":"cond-expr","locations":[{"start":{"line":207,"column":136},"end":{"line":207,"column":147}},{"start":{"line":207,"column":150},"end":{"line":207,"column":167}}],"line":207},"30":{"loc":{"start":{"line":208,"column":37},"end":{"line":208,"column":145}},"type":"binary-expr","locations":[{"start":{"line":208,"column":37},"end":{"line":208,"column":51}},{"start":{"line":208,"column":55},"end":{"line":208,"column":145}}],"line":208},"31":{"loc":{"start":{"line":219,"column":66},"end":{"line":219,"column":96}},"type":"cond-expr","locations":[{"start":{"line":219,"column":77},"end":{"line":219,"column":91}},{"start":{"line":219,"column":94},"end":{"line":219,"column":96}}],"line":219},"32":{"loc":{"start":{"line":223,"column":67},"end":{"line":223,"column":92}},"type":"binary-expr","locations":[{"start":{"line":223,"column":67},"end":{"line":223,"column":87}},{"start":{"line":223,"column":91},"end":{"line":223,"column":92}}],"line":223},"33":{"loc":{"start":{"line":224,"column":74},"end":{"line":224,"column":117}},"type":"cond-expr","locations":[{"start":{"line":224,"column":84},"end":{"line":224,"column":98}},{"start":{"line":224,"column":101},"end":{"line":224,"column":117}}],"line":224},"34":{"loc":{"start":{"line":224,"column":122},"end":{"line":224,"column":151}},"type":"cond-expr","locations":[{"start":{"line":224,"column":132},"end":{"line":224,"column":139}},{"start":{"line":224,"column":142},"end":{"line":224,"column":151}}],"line":224},"35":{"loc":{"start":{"line":238,"column":17},"end":{"line":277,"column":17}},"type":"binary-expr","locations":[{"start":{"line":238,"column":17},"end":{"line":238,"column":34}},{"start":{"line":239,"column":20},"end":{"line":276,"column":30}}],"line":238},"36":{"loc":{"start":{"line":266,"column":61},"end":{"line":266,"column":95}},"type":"cond-expr","locations":[{"start":{"line":266,"column":84},"end":{"line":266,"column":87}},{"start":{"line":266,"column":90},"end":{"line":266,"column":95}}],"line":266},"37":{"loc":{"start":{"line":267,"column":49},"end":{"line":267,"column":99}},"type":"cond-expr","locations":[{"start":{"line":267,"column":72},"end":{"line":267,"column":84}},{"start":{"line":267,"column":87},"end":{"line":267,"column":99}}],"line":267},"38":{"loc":{"start":{"line":269,"column":49},"end":{"line":269,"column":118}},"type":"cond-expr","locations":[{"start":{"line":269,"column":63},"end":{"line":269,"column":112}},{"start":{"line":269,"column":115},"end":{"line":269,"column":118}}],"line":269}},"s":{"0":1,"1":61,"2":305,"3":2,"4":211,"5":211,"6":211,"7":211,"8":211,"9":211,"10":211,"11":211,"12":211,"13":211,"14":211,"15":211,"16":31,"17":211,"18":18,"19":18,"20":1,"21":211,"22":29,"23":29,"24":29,"25":211,"26":11,"27":11,"28":11,"29":211,"30":19,"31":19,"32":19,"33":211,"34":12,"35":12,"36":12,"37":211,"38":31,"39":2,"40":2,"41":29,"42":211,"43":63,"44":8,"45":63,"46":12,"47":63,"48":9,"49":211,"50":3,"51":3,"52":2,"53":2,"54":1,"55":211,"56":3,"57":1,"58":2,"59":2,"60":1,"61":1,"62":1,"63":211,"64":5,"65":5,"66":2,"67":2,"68":3,"69":2,"70":2,"71":4,"72":4,"73":1,"74":211,"75":2,"76":2,"77":2,"78":211,"79":3,"80":1,"81":2,"82":2,"83":1,"84":1,"85":1,"86":211,"87":4,"88":4,"89":4,"90":2,"91":2,"92":2,"93":2,"94":211,"95":3,"96":1,"97":2,"98":2,"99":1,"100":1,"101":1,"102":211,"103":1,"104":844,"105":29,"106":1,"107":1,"108":1,"109":1,"110":28,"111":3,"112":3,"113":497,"114":30,"115":4,"116":1,"117":63,"118":2,"119":3,"120":3,"121":19,"122":8,"123":1,"124":1,"125":2,"126":47,"127":3},"f":{"0":61,"1":305,"2":2,"3":211,"4":31,"5":18,"6":1,"7":29,"8":11,"9":19,"10":12,"11":31,"12":63,"13":3,"14":3,"15":5,"16":2,"17":3,"18":4,"19":3,"20":1,"21":844,"22":29,"23":1,"24":1,"25":1,"26":1,"27":28,"28":3,"29":3,"30":497,"31":30,"32":4,"33":1,"34":63,"35":2,"36":3,"37":3,"38":19,"39":8,"40":1,"41":1,"42":2,"43":47,"44":3},"b":{"0":[114,191],"1":[1,1],"2":[244,61],"3":[2,29],"4":[31,30],"5":[8,55],"6":[12,51],"7":[9,54],"8":[1,2],"9":[2,3],"10":[1,2],"11":[2,1],"12":[1,2],"13":[211,633],"14":[211,18],"15":[211,62],"16":[211,23],"17":[14,14],"18":[14,14],"19":[14,14],"20":[14,14],"21":[211,71],"22":[21,50],"23":[147,350],"24":[147,1],"25":[350,336],"26":[16,14],"27":[21,50],"28":[2,2],"29":[21,50],"30":[71,21],"31":[4,59],"32":[63,4],"33":[59,4],"34":[59,4],"35":[211,55],"36":[46,1],"37":[46,1],"38":[46,1]},"_coverageSchema":"1a1c01bbd47fc00a2c39e90264f33305004495a9","hash":"3bc31ab4cc5fa7f041b0b0019f2b7ab13ce9291b"}
,"/home/michel/Documents/testes_atalaia/frontend/src/pages/Careers.js": {"path":"/home/michel/Documents/testes_atalaia/frontend/src/pages/Careers.js","statementMap":{"0":{"start":{"line":5,"column":4},"end":{"line":40,"column":6}}},"fnMap":{"0":{"name":"Careers","decl":{"start":{"line":4,"column":24},"end":{"line":4,"column":31}},"loc":{"start":{"line":4,"column":34},"end":{"line":41,"column":1}},"line":4}},"branchMap":{},"s":{"0":1},"f":{"0":1},"b":{},"_coverageSchema":"1a1c01bbd47fc00a2c39e90264f33305004495a9","hash":"1bc2e444397eee515fb5498f22b6b54dd65480ad"}
,"/home/michel/Documents/testes_atalaia/frontend/src/pages/Cart.js": {"path":"/home/michel/Documents/testes_atalaia/frontend/src/pages/Cart.js","statementMap":{"0":{"start":{"line":9,"column":16},"end":{"line":9,"column":32}},"1":{"start":{"line":10,"column":19},"end":{"line":10,"column":32}},"2":{"start":{"line":11,"column":20},"end":{"line":11,"column":34}},"3":{"start":{"line":12,"column":81},"end":{"line":12,"column":95}},"4":{"start":{"line":13,"column":32},"end":{"line":13,"column":46}},"5":{"start":{"line":15,"column":2},"end":{"line":32,"column":35}},"6":{"start":{"line":16,"column":4},"end":{"line":19,"column":5}},"7":{"start":{"line":17,"column":6},"end":{"line":17,"column":25}},"8":{"start":{"line":18,"column":6},"end":{"line":18,"column":13}},"9":{"start":{"line":21,"column":21},"end":{"line":29,"column":5}},"10":{"start":{"line":22,"column":6},"end":{"line":28,"column":7}},"11":{"start":{"line":23,"column":8},"end":{"line":23,"column":26}},"12":{"start":{"line":25,"column":8},"end":{"line":25,"column":59}},"13":{"start":{"line":27,"column":8},"end":{"line":27,"column":26}},"14":{"start":{"line":31,"column":4},"end":{"line":31,"column":15}},"15":{"start":{"line":34,"column":23},"end":{"line":40,"column":3}},"16":{"start":{"line":35,"column":4},"end":{"line":39,"column":5}},"17":{"start":{"line":36,"column":6},"end":{"line":36,"column":35}},"18":{"start":{"line":38,"column":6},"end":{"line":38,"column":36}},"19":{"start":{"line":42,"column":22},"end":{"line":50,"column":3}},"20":{"start":{"line":43,"column":4},"end":{"line":49,"column":5}},"21":{"start":{"line":44,"column":6},"end":{"line":48,"column":7}},"22":{"start":{"line":45,"column":8},"end":{"line":45,"column":26}},"23":{"start":{"line":47,"column":8},"end":{"line":47,"column":41}},"24":{"start":{"line":52,"column":31},"end":{"line":59,"column":3}},"25":{"start":{"line":53,"column":4},"end":{"line":53,"column":32}},"26":{"start":{"line":53,"column":25},"end":{"line":53,"column":32}},"27":{"start":{"line":54,"column":4},"end":{"line":58,"column":5}},"28":{"start":{"line":55,"column":6},"end":{"line":55,"column":48}},"29":{"start":{"line":57,"column":6},"end":{"line":57,"column":44}},"30":{"start":{"line":61,"column":23},"end":{"line":61,"column":48}},"31":{"start":{"line":62,"column":28},"end":{"line":62,"column":73}},"32":{"start":{"line":64,"column":2},"end":{"line":159,"column":4}},"33":{"start":{"line":66,"column":53},"end":{"line":66,"column":74}},"34":{"start":{"line":77,"column":61},"end":{"line":77,"column":82}},"35":{"start":{"line":85,"column":14},"end":{"line":120,"column":20}},"36":{"start":{"line":96,"column":41},"end":{"line":96,"column":91}},"37":{"start":{"line":102,"column":37},"end":{"line":102,"column":92}},"38":{"start":{"line":105,"column":41},"end":{"line":105,"column":91}},"39":{"start":{"line":116,"column":33},"end":{"line":116,"column":54}},"40":{"start":{"line":151,"column":29},"end":{"line":151,"column":50}}},"fnMap":{"0":{"name":"Cart","decl":{"start":{"line":8,"column":24},"end":{"line":8,"column":28}},"loc":{"start":{"line":8,"column":31},"end":{"line":160,"column":1}},"line":8},"1":{"name":"(anonymous_1)","decl":{"start":{"line":15,"column":12},"end":{"line":15,"column":13}},"loc":{"start":{"line":15,"column":18},"end":{"line":32,"column":3}},"line":15},"2":{"name":"(anonymous_2)","decl":{"start":{"line":21,"column":21},"end":{"line":21,"column":22}},"loc":{"start":{"line":21,"column":33},"end":{"line":29,"column":5}},"line":21},"3":{"name":"(anonymous_3)","decl":{"start":{"line":34,"column":23},"end":{"line":34,"column":24}},"loc":{"start":{"line":34,"column":41},"end":{"line":40,"column":3}},"line":34},"4":{"name":"(anonymous_4)","decl":{"start":{"line":42,"column":22},"end":{"line":42,"column":23}},"loc":{"start":{"line":42,"column":34},"end":{"line":50,"column":3}},"line":42},"5":{"name":"(anonymous_5)","decl":{"start":{"line":52,"column":31},"end":{"line":52,"column":32}},"loc":{"start":{"line":52,"column":62},"end":{"line":59,"column":3}},"line":52},"6":{"name":"(anonymous_6)","decl":{"start":{"line":66,"column":47},"end":{"line":66,"column":48}},"loc":{"start":{"line":66,"column":53},"end":{"line":66,"column":74}},"line":66},"7":{"name":"(anonymous_7)","decl":{"start":{"line":77,"column":55},"end":{"line":77,"column":56}},"loc":{"start":{"line":77,"column":61},"end":{"line":77,"column":82}},"line":77},"8":{"name":"(anonymous_8)","decl":{"start":{"line":84,"column":23},"end":{"line":84,"column":24}},"loc":{"start":{"line":85,"column":14},"end":{"line":120,"column":20}},"line":85},"9":{"name":"(anonymous_9)","decl":{"start":{"line":96,"column":35},"end":{"line":96,"column":36}},"loc":{"start":{"line":96,"column":41},"end":{"line":96,"column":91}},"line":96},"10":{"name":"(anonymous_10)","decl":{"start":{"line":102,"column":30},"end":{"line":102,"column":31}},"loc":{"start":{"line":102,"column":37},"end":{"line":102,"column":92}},"line":102},"11":{"name":"(anonymous_11)","decl":{"start":{"line":105,"column":35},"end":{"line":105,"column":36}},"loc":{"start":{"line":105,"column":41},"end":{"line":105,"column":91}},"line":105},"12":{"name":"(anonymous_12)","decl":{"start":{"line":116,"column":27},"end":{"line":116,"column":28}},"loc":{"start":{"line":116,"column":33},"end":{"line":116,"column":54}},"line":116},"13":{"name":"(anonymous_13)","decl":{"start":{"line":151,"column":23},"end":{"line":151,"column":24}},"loc":{"start":{"line":151,"column":29},"end":{"line":151,"column":50}},"line":151}},"branchMap":{"0":{"loc":{"start":{"line":16,"column":4},"end":{"line":19,"column":5}},"type":"if","locations":[{"start":{"line":16,"column":4},"end":{"line":19,"column":5}},{"start":{},"end":{}}],"line":16},"1":{"loc":{"start":{"line":43,"column":4},"end":{"line":49,"column":5}},"type":"if","locations":[{"start":{"line":43,"column":4},"end":{"line":49,"column":5}},{"start":{},"end":{}}],"line":43},"2":{"loc":{"start":{"line":53,"column":4},"end":{"line":53,"column":32}},"type":"if","locations":[{"start":{"line":53,"column":4},"end":{"line":53,"column":32}},{"start":{},"end":{}}],"line":53},"3":{"loc":{"start":{"line":61,"column":23},"end":{"line":61,"column":48}},"type":"cond-expr","locations":[{"start":{"line":61,"column":42},"end":{"line":61,"column":44}},{"start":{"line":61,"column":47},"end":{"line":61,"column":48}}],"line":61},"4":{"loc":{"start":{"line":72,"column":7},"end":{"line":157,"column":7}},"type":"cond-expr","locations":[{"start":{"line":73,"column":8},"end":{"line":73,"column":40}},{"start":{"line":74,"column":10},"end":{"line":157,"column":7}}],"line":72},"5":{"loc":{"start":{"line":74,"column":10},"end":{"line":157,"column":7}},"type":"cond-expr","locations":[{"start":{"line":75,"column":8},"end":{"line":80,"column":14}},{"start":{"line":82,"column":8},"end":{"line":156,"column":14}}],"line":74},"6":{"loc":{"start":{"line":90,"column":19},"end":{"line":90,"column":77}},"type":"binary-expr","locations":[{"start":{"line":90,"column":19},"end":{"line":90,"column":31}},{"start":{"line":90,"column":35},"end":{"line":90,"column":77}}],"line":90},"7":{"loc":{"start":{"line":91,"column":19},"end":{"line":91,"column":65}},"type":"binary-expr","locations":[{"start":{"line":91,"column":19},"end":{"line":91,"column":27}},{"start":{"line":91,"column":31},"end":{"line":91,"column":65}}],"line":91}},"s":{"0":22,"1":22,"2":22,"3":22,"4":22,"5":22,"6":12,"7":1,"8":1,"9":11,"10":11,"11":11,"12":1,"13":10,"14":11,"15":22,"16":2,"17":2,"18":1,"19":22,"20":3,"21":2,"22":2,"23":1,"24":22,"25":5,"26":1,"27":4,"28":4,"29":1,"30":22,"31":22,"32":22,"33":1,"34":1,"35":9,"36":2,"37":1,"38":2,"39":2,"40":1},"f":{"0":22,"1":12,"2":11,"3":2,"4":3,"5":5,"6":1,"7":1,"8":9,"9":2,"10":1,"11":2,"12":2,"13":1},"b":{"0":[1,11],"1":[2,1],"2":[1,4],"3":[20,2],"4":[12,10],"5":[1,9],"6":[9,8],"7":[9,7]},"_coverageSchema":"1a1c01bbd47fc00a2c39e90264f33305004495a9","hash":"78d9eef9e214857af44d4f3233c224541acdff16"}
,"/home/michel/Documents/testes_atalaia/frontend/src/pages/Checkout.js": {"path":"/home/michel/Documents/testes_atalaia/frontend/src/pages/Checkout.js","statementMap":{"0":{"start":{"line":12,"column":16},"end":{"line":12,"column":32}},"1":{"start":{"line":13,"column":19},"end":{"line":13,"column":32}},"2":{"start":{"line":14,"column":27},"end":{"line":14,"column":41}},"3":{"start":{"line":15,"column":20},"end":{"line":15,"column":34}},"4":{"start":{"line":16,"column":32},"end":{"line":16,"column":47}},"5":{"start":{"line":17,"column":34},"end":{"line":26,"column":4}},"6":{"start":{"line":27,"column":28},"end":{"line":27,"column":40}},"7":{"start":{"line":30,"column":2},"end":{"line":32,"column":9}},"8":{"start":{"line":31,"column":4},"end":{"line":31,"column":26}},"9":{"start":{"line":34,"column":23},"end":{"line":38,"column":3}},"10":{"start":{"line":35,"column":28},"end":{"line":35,"column":36}},"11":{"start":{"line":36,"column":4},"end":{"line":36,"column":54}},"12":{"start":{"line":36,"column":25},"end":{"line":36,"column":51}},"13":{"start":{"line":37,"column":4},"end":{"line":37,"column":17}},"14":{"start":{"line":45,"column":23},"end":{"line":80,"column":3}},"15":{"start":{"line":46,"column":4},"end":{"line":46,"column":23}},"16":{"start":{"line":48,"column":4},"end":{"line":51,"column":5}},"17":{"start":{"line":49,"column":6},"end":{"line":49,"column":55}},"18":{"start":{"line":50,"column":6},"end":{"line":50,"column":13}},"19":{"start":{"line":53,"column":4},"end":{"line":53,"column":21}},"20":{"start":{"line":54,"column":4},"end":{"line":79,"column":5}},"21":{"start":{"line":55,"column":31},"end":{"line":55,"column":132}},"22":{"start":{"line":56,"column":22},"end":{"line":59,"column":7}},"23":{"start":{"line":61,"column":23},"end":{"line":65,"column":7}},"24":{"start":{"line":67,"column":6},"end":{"line":74,"column":9}},"25":{"start":{"line":76,"column":6},"end":{"line":76,"column":88}},"26":{"start":{"line":78,"column":6},"end":{"line":78,"column":24}},"27":{"start":{"line":82,"column":23},"end":{"line":82,"column":24}},"28":{"start":{"line":83,"column":22},"end":{"line":83,"column":71}},"29":{"start":{"line":84,"column":28},"end":{"line":84,"column":74}},"30":{"start":{"line":86,"column":2},"end":{"line":95,"column":3}},"31":{"start":{"line":87,"column":4},"end":{"line":94,"column":6}},"32":{"start":{"line":90,"column":59},"end":{"line":90,"column":80}},"33":{"start":{"line":97,"column":2},"end":{"line":295,"column":4}},"34":{"start":{"line":106,"column":27},"end":{"line":106,"column":40}},"35":{"start":{"line":256,"column":14},"end":{"line":268,"column":20}}},"fnMap":{"0":{"name":"Checkout","decl":{"start":{"line":11,"column":24},"end":{"line":11,"column":32}},"loc":{"start":{"line":11,"column":35},"end":{"line":296,"column":1}},"line":11},"1":{"name":"(anonymous_1)","decl":{"start":{"line":30,"column":12},"end":{"line":30,"column":13}},"loc":{"start":{"line":30,"column":18},"end":{"line":32,"column":3}},"line":30},"2":{"name":"(anonymous_2)","decl":{"start":{"line":34,"column":23},"end":{"line":34,"column":24}},"loc":{"start":{"line":34,"column":30},"end":{"line":38,"column":3}},"line":34},"3":{"name":"(anonymous_3)","decl":{"start":{"line":36,"column":16},"end":{"line":36,"column":17}},"loc":{"start":{"line":36,"column":25},"end":{"line":36,"column":51
[...]
,"/home/michel/Documents/testes_atalaia/frontend/src/pages/Register.js": {"path":"/home/michel/Documents/testes_atalaia/frontend/src/pages/Register.js","statementMap":{"0":{"start":{"line":8,"column":16},"end":{"line":8,"column":32}},"1":{"start":{"line":9,"column":19},"end":{"line":9,"column":32}},"2":{"start":{"line":10,"column":39},"end":{"line":10,"column":53}},"3":{"start":{"line":11,"column":34},"end":{"line":16,"column":4}},"4":{"start":{"line":17,"column":38},"end":{"line":17,"column":50}},"5":{"start":{"line":19,"column":23},"end":{"line":23,"column":3}},"6":{"start":{"line":20,"column":28},"end":{"line":20,"column":36}},"7":{"start":{"line":21,"column":4},"end":{"line":21,"column":54}},"8":{"start":{"line":21,"column":25},"end":{"line":21,"column":51}},"9":{"start":{"line":22,"column":4},"end":{"line":22,"column":22}},"10":{"start":{"line":25,"column":23},"end":{"line":39,"column":3}},"11":{"start":{"line":26,"column":4},"end":{"line":26,"column":23}},"12":{"start":{"line":28,"column":4},"end":{"line":31,"column":5}},"13":{"start":{"line":29,"column":6},"end":{"line":29,"column":46}},"14":{"start":{"line":30,"column":6},"end":{"line":30,"column":13}},"15":{"start":{"line":33,"column":4},"end":{"line":38,"column":5}},"16":{"start":{"line":34,"column":6},"end":{"line":34,"column":87}},"17":{"start":{"line":35,"column":6},"end":{"line":35,"column":20}},"18":{"start":{"line":37,"column":6},"end":{"line":37,"column":74}},"19":{"start":{"line":41,"column":2},"end":{"line":108,"column":4}},"20":{"start":{"line":104,"column":102},"end":{"line":104,"column":120}}},"fnMap":{"0":{"name":"Register","decl":{"start":{"line":7,"column":24},"end":{"line":7,"column":32}},"loc":{"start":{"line":7,"column":35},"end":{"line":109,"column":1}},"line":7},"1":{"name":"(anonymous_1)","decl":{"start":{"line":19,"column":23},"end":{"line":19,"column":24}},"loc":{"start":{"line":19,"column":30},"end":{"line":23,"column":3}},"line":19},"2":{"name":"(anonymous_2)","decl":{"start":{"line":21,"column":16},"end":{"line":21,"column":17}},"loc":{"start":{"line":21,"column":25},"end":{"line":21,"column":51}},"line":21},"3":{"name":"(anonymous_3)","decl":{"start":{"line":25,"column":23},"end":{"line":25,"column":24}},"loc":{"start":{"line":25,"column":36},"end":{"line":39,"column":3}},"line":25},"4":{"name":"(anonymous_4)","decl":{"start":{"line":104,"column":96},"end":{"line":104,"column":97}},"loc":{"start":{"line":104,"column":102},"end":{"line":104,"column":120}},"line":104}},"branchMap":{"0":{"loc":{"start":{"line":28,"column":4},"end":{"line":31,"column":5}},"type":"if","locations":[{"start":{"line":28,"column":4},"end":{"line":31,"column":5}},{"start":{},"end":{}}],"line":28},"1":{"loc":{"start":{"line":28,"column":8},"end":{"line":28,"column":60}},"type":"binary-expr","locations":[{"start":{"line":28,"column":8},"end":{"line":28,"column":22}},{"start":{"line":28,"column":26},"end":{"line":28,"column":41}},{"start":{"line":28,"column":45},"end":{"line":28,"column":60}}],"line":28},"2":{"loc":{"start":{"line":37,"column":20},"end":{"line":37,"column":72}},"type":"binary-expr","locations":[{"start":{"line":37,"column":20},"end":{"line":37,"column":45}},{"start":{"line":37,"column":49},"end":{"line":37,"column":72}}],"line":37},"3":{"loc":{"start":{"line":46,"column":9},"end":{"line":48,"column":9}},"type":"binary-expr","locations":[{"start":{"line":46,"column":10},"end":{"line":46,"column":15}},{"start":{"line":46,"column":19},"end":{"line":46,"column":29}},{"start":{"line":47,"column":10},"end":{"line":47,"column":68}}],"line":46},"4":{"loc":{"start":{"line":47,"column":42},"end":{"line":47,"column":61}},"type":"binary-expr","locations":[{"start":{"line":47,"column":42},"end":{"line":47,"column":47}},{"start":{"line":47,"column":51},"end":{"line":47,"column":61}}],"line":47},"5":{"loc":{"start":{"line":99,"column":13},"end":{"line":99,"column":63}},"type":"cond-expr","locations":[{"start":{"line":99,"column":23},"end":{"line":99,"column":44}},{"start":{"line":99,"column":47},"end":{"line":99,"column":63}}],"line":99}},"s":{"0":39,"1":39,"2":39,"3":39,"4":39,"5":39,"6":23,"7":23,"8":23,"9":23,"10":39,"11":8,"12":8,"13":3,"14":3,"15":5,"16":5,"17":1,"18":4,"19":39,"20":1},"f":{"0":39,"1":23,"2":23,"3":8,"4":1},"b":{"0":[3,5],"1":[8,7,6],"2":[4,3],"3":[39,38,8],"4":[8,7],"5":[1,38]},"_coverageSchema":"1a1c01bbd47fc00a2c39e90264f33305004495a9","hash":"317dbe6baceaa534b9e3c54036013ab4e206bc31"}
,"/home/michel/Documents/testes_atalaia/frontend/src/pages/Returns.js": {"path":"/home/michel/Documents/testes_atalaia/frontend/src/pages/Returns.js","statementMap":{"0":{"start":{"line":6,"column":2},"end":{"line":90,"column":4}}},"fnMap":{"0":{"name":"Returns","decl":{"start":{"line":5,"column":24},"end":{"line":5,"column":31}},"loc":{"start":{"line":5,"column":34},"end":{"line":91,"column":1}},"line":5}},"branchMap":{},"s":{"0":1},"f":{"0":1},"b":{},"_coverageSchema":"1a1c01bbd47fc00a2c39e90264f33305004495a9","hash":"19d6e84eef7a306db8dc62062708230733fcccfe"}
,"/home/michel/Documents/testes_atalaia/frontend/src/pages/Shipping.js": {"path":"/home/michel/Documents/testes_atalaia/frontend/src/pages/Shipping.js","statementMap":{"0":{"start":{"line":5,"column":4},"end":{"line":24,"column":6}}},"fnMap":{"0":{"name":"Shipping","decl":{"start":{"line":4,"column":24},"end":{"line":4,"column":32}},"loc":{"start":{"line":4,"column":35},"end":{"line":25,"column":1}},"line":4}},"branchMap":{},"s":{"0":1},"f":{"0":1},"b":{},"_coverageSchema":"1a1c01bbd47fc00a2c39e90264f33305004495a9","hash":"6623db98d1dc12a0fd58b39f5c2f69edaa499579"}
,"/home/michel/Documents/testes_atalaia/frontend/src/pages/Stores.js": {"path":"/home/michel/Documents/testes_atalaia/frontend/src/pages/Stores.js","statementMap":{"0":{"start":{"line":5,"column":4},"end":{"line":33,"column":6}}},"fnMap":{"0":{"name":"Stores","decl":{"start":{"line":4,"column":24},"end":{"line":4,"column":30}},"loc":{"start":{"line":4,"column":33},"end":{"line":34,"column":1}},"line":4}},"branchMap":{},"s":{"0":1},"f":{"0":1},"b":{},"_coverageSchema":"1a1c01bbd47fc00a2c39e90264f33305004495a9","hash":"6e209e54db136bbb627da797adc510ee9b4c62c7"}
,"/home/michel/Documents/testes_atalaia/frontend/src/store/index.js": {"path":"/home/michel/Documents/testes_atalaia/frontend/src/store/index.js","statementMap":{"0":{"start":{"line":5,"column":12},"end":{"line":5,"column":28}},"1":{"start":{"line":7,"column":28},"end":{"line":94,"column":3}},"2":{"start":{"line":7,"column":50},"end":{"line":94,"column":1}},"3":{"start":{"line":15,"column":4},"end":{"line":15,"column":40}},"4":{"start":{"line":16,"column":4},"end":{"line":37,"column":5}},"5":{"start":{"line":17,"column":23},"end":{"line":22,"column":8}},"6":{"start":{"line":24,"column":6},"end":{"line":24,"column":57}},"7":{"start":{"line":25,"column":6},"end":{"line":25,"column":71}},"8":{"start":{"line":26,"column":6},"end":{"line":30,"column":9}},"9":{"start":{"line":32,"column":6},"end":{"line":32,"column":27}},"10":{"start":{"line":34,"column":23},"end":{"line":34,"column":73}},"11":{"start":{"line":35,"column":6},"end":{"line":35,"column":47}},"12":{"start":{"line":36,"column":6},"end":{"line":36,"column":18}},"13":{"start":{"line":41,"column":4},"end":{"line":41,"column":40}},"14":{"start":{"line":42,"column":4},"end":{"line":61,"column":5}},"15":{"start":{"line":43,"column":23},"end":{"line":46,"column":8}},"16":{"start":{"line":48,"column":6},"end":{"line":48,"column":57}},"17":{"start":{"line":49,"column":6},"end":{"line":49,"column":71}},"18":{"start":{"line":50,"column":6},"end":{"line":54,"column":9}},"19":{"start":{"line":56,"column":6},"end":{"line":56,"column":27}},"20":{"start":{"line":58,"column":23},"end":{"line":58,"column":75}},"21":{"start":{"line":59,"column":6},"end":{"line":59,"column":47}},"22":{"start":{"line":60,"column":6},"end":{"line":60,"column":18}},"23":{"start":{"line":65,"column":4},"end":{"line":65,"column":37}},"24":{"start":{"line":66,"column":4},"end":{"line":66,"column":36}},"25":{"start":{"line":67,"column":4},"end":{"line":67,"column":37}},"26":{"start":{"line":71,"column":18},"end":{"line":71,"column":29}},"27":{"start":{"line":72,"column":4},"end":{"line":72,"column":23}},"28":{"start":{"line":72,"column":16},"end":{"line":72,"column":23}},"29":{"start":{"line":73,"column":4},"end":{"line":85,"column":5}},"30":{"start":{"line":74,"column":23},"end":{"line":76,"column":8}},"31":{"start":{"line":77,"column":6},"end":{"line":77,"column":66}},"32":{"start":{"line":78,"column":6},"end":{"line":78,"column":35}},"33":{"start":{"line":79,"column":6},"end":{"line":79,"column":27}},"34":{"start":{"line":81,"column":6},"end":{"line":83,"column":7}},"35":{"start":{"line":82,"column":8},"end":{"line":82,"column":23}},"36":{"start":{"line":84,"column":6},"end":{"line":84,"column":18}},"37":{"start":{"line":89,"column":21},"end":{"line":89,"column":62}},"38":{"start":{"line":90,"column":4},"end":{"line":90,"column":44}},"39":{"start":{"line":91,"column":4},"end":{"line":91,"column":66}},"40":{"start":{"line":92,"column":4},"end":{"line":92,"column":29}},"41":{"start":{"line":96,"column":28},"end":{"line":182,"column":3}},"42":{"start":{"line":96,"column":50},"end":{"line":182,"column":1}},"43":{"start":{"line":102,"column":18},"end":{"line":102,"column":43}},"44":{"start":{"line":103,"column":19},"end":{"line":103,"column":45}},"45":{"start":{"line":104,"column":20},"end":{"line":104,"column":71}},"46":{"start":{"line":104,"column":36},"end":{"line":104,"column":69}},"47":{"start":{"line":107,"column":22},"end":{"line":107,"column":45}},"48":{"start":{"line":108,"column":4},"end":{"line":108,"column":27}},"49":{"start":{"line":110,"column":4},"end":{"line":122,"column":5}},"50":{"start":{"line":111,"column":6},"end":{"line":114,"column":8}},"51":{"start":{"line":117,"column":6},"end":{"line":117,"column":24}},"52":{"start":{"line":118,"column":6},"end":{"line":118,"column":48}},"53":{"start":{"line":120,"column":6},"end":{"line":120,"column":30}},"54":{"start":{"line":121,"column":6},"end":{"line":121,"column":18}},"55":{"start":{"line":126,"column":22},"end":{"line":126,"column":45}},"56":{"start":{"line":127,"column":4},"end":{"line":127,"column":23}},"57":{"start":{"line":127,"column":16},"end":{"line":127,"column":23}},"58":{"start":{"line":129,"column":4},"end":{"line":140,"column":5}},"59":{"start":{"line":130,"column":23},"end":{"line":132,"column":7}},"60":{"start":{"line":134,"column":6},"end":{"line":137,"column":9}},"61":{"start":{"line":139,"column":6},"end":{"line":139,"column":55}},"62":{"start":{"line":144,"column":22},"end":{"line":144,"column":45}},"63":{"start":{"line":145,"column":4},"end":{"line":153,"column":5}},"64":{"start":{"line":146,"column":6},"end":{"line":148,"column":8}},"65":{"start":{"line":150,"column":6},"end":{"line":150,"column":24}},"66":{"start":{"line":152,"column":6},"end":{"line":152,"column":18}},"67":{"start":{"line":157,"column":22},"end":{"line":157,"column":45}},"68":{"start":{"line":158,"column":4},"end":{"line":166,"column":5}},"69":{"start":{"line":159,"column":6},"end":{"line":161,"column":8}},"70":{"start":{"line":163,"column":6},"end":{"line":163,"column":35}},"71":{"start":{"line":165,"column":6},"end":{"line":165,"column":18}},"72":{"start":{"line":170,"column":22},"end":{"line":170,"column":45}},"73":{"start":{"line":171,"column":4},"end":{"line":180,"column":5}},"74":{"start":{"line":172,"column":6},"end":{"line":175,"column":8}},"75":{"start":{"line":177,"column":6},"end":{"line":177,"column":24}},"76":{"start":{"line":179,"column":6},"end":{"line":179,"column":18}}},"fnMap":{"0":{"name":"(anonymous_0)","decl":{"start":{"line":7,"column":35},"end":{"line":7,"column":36}},"loc":{"start":{"line":7,"column":50},"end":{"line":94,"column":1}},"line":7},"1":{"name":"(anonymous_1)","decl":{"start":{"line":14,"column":12},"end":{"line":14,"column":13}},"loc":{"start":{"line":14,"column":52},"end":{"line":38,"column":3}},"line":14},"2":{"name":"(anonymous_2)","decl":{"start":{"line":40,"column":9},"end":{"line":40,"column":10}},"loc":{"start":{"line":40,"column":33},"end":{"line":62,"column":3}},"line":40},"3":{"name":"(anonymous_3)","decl":{"start":{"line":64,"column":10},"end":{"line":64,"column":11}},"loc":{"start":{"line":64,"column":16},"end":{"line":68,"column":3}},"line":64},"4":{"name":"(anonymous_4)","decl":{"start":{"line":70,"column":16},"end":{"line":70,"column":17}},"loc":{"start":{"line":70,"column":28},"end":{"line":86,"column":3}},"line":70},"5":{"name":"(anonymous_5)","decl":{"start":{"line":88,"column":15},"end":{"line":88,"column":16}},"loc":{"start":{"line":88,"column":21},"end":{"line":93,"column":3}},"line":88},"6":{"name":"(anonymous_6)","decl":{"start":{"line":96,"column":35},"end":{"line":96,"column":36}},"loc":{"start":{"line":96,"column":50},"end":{"line":182,"column":1}},"line":96},"7":{"name":"(anonymous_7)","decl":{"start":{"line":102,"column":12},"end":{"line":102,"column":13}},"loc":{"start":{"line":102,"column":18},"end":{"line":102,"column":43}},"line":102},"8":{"name":"(anonymous_8)","decl":{"start":{"line":103,"column":13},"end":{"line":103,"column":14}},"loc":{"start":{"line":103,"column":19},"end":{"line":103,"column":45}},"line":103},"9":{"name":"(anonymous_9)","decl":{"start":{"line":104,"column":14},"end":{"line":104,"column":15}},"loc":{"start":{"line":104,"column":20},"end":{"line":104,"column":71}},"line":104},"10":{"name":"(anonymous_10)","decl":{"start":{"line":104,"column":24},"end":{"line":104,"column":25}},"loc":{"start":{"line":104,"column":36},"end":{"line":104,"column":69}},"line":104},"11":{"name":"(anonymous_11)","decl":{"start":{"line":106,"column":13},"end":{"line":106,"column":14}},"loc":{"start":{"line":106,"column":60},"end":{"line":123,"column":3}},"line":106},"12":{"name":"(anonymous_12)","decl":{"start":{"line":125,"column":13},"end":{"line":125,"column":14}},"loc":{"start":{"line":125,"column":25},"end":{"line":141,"column":3}},"line":125},"13":{"name":"(anonymous_13)","decl":{"start":{"line":143,"column":18},"end":{"line":143,"column":19}},"loc":{"start":{"line":143,"column":36},"end":{"line":154,"column":3}},"line":143},"14":{"name":"(anonymous_14)","decl":{"start":{"line":156,"column":13},"end":{"line":156,"column":14}},"loc":{"start":{"line":156,"column":25},"end":{"line":167,"column":3}},"line":156},"15":{"name":"(anonymous_15)","decl":{"start":{"line":169,"column":18},"end":{"line":169,"column":19}},"loc":{"start":{"line":169,"column":48},"end":{"line":181,"column":3}},"line":169}},"branchMap":{"0":{"loc":{"start":{"line":8,"column":8},"end":{"line":8,"column":86}},"type":"cond-expr","locations":[{"start":{"line":8,"column":39},"end":{"line":8,"column":79}},{"start":{"line":8,"column":82},"end":{"line":8,"column":86}}],"line":8},"1":{"loc":{"start":{"line":12,"column":9},"end":{"line":12,"column":48}},"type":"binary-expr","locations":[{"start":{"line":12,"column":9},"end":{"line":12,"column":38}},{"start":{"line":12,"column":42},"end":{"line":12,"column":48}}],"line":12},"2":{"loc":{"start":{"line":34,"column":23},"end":{"line":34,"column":73}},"type":"binary-expr","locations":[{"start":{"line":34,"column":23},"end":{"line":34,"column":50}},{"start":{"line":34,"column":54},"end":{"line":34,"column":73}}],"line":34},"3":{"loc":{"start":{"line":58,"column":23},"end":{"line":58,"column":75}},"type":"binary-expr","locations":[{"start":{"line":58,"column":23},"end":{"line":58,"column":50}},{"start":{"line":58,"column":54},"end":{"line":58,"column":75}}],"line":58},"4":{"loc":{"start":{"line":72,"column":4},"end":{"line":72,"column":23}},"type":"if","locations":[{"start":{"line":72,"column":4},"end":{"line":72,"column":23}},{"start":{},"end":{}}],"line":72},"5":{"loc":{"start":{"line":81,"column":6},"end":{"line":83,"column":7}},"type":"if","locations":[{"start":{"line":81,"column":6},"end":{"line":83,"column":7}},{"start":{},"end":{}}],"line":81},"6":{"loc":{"start":{"line":81,"column":10},"end":{"line":81,"column":74}},"type":"binary-expr","locations":[{"start":{"line":81,"column":10},"end":{"line":81,"column":40}},{"start":{"line":81,"column":44},"end":{"line":81,"column":74}}],"line":81},"7":{"loc":{"start":{"line":89,"column":21},"end":{"line":89,"column":62}},"type":"cond-expr","locations":[{"start":{"line":89,"column":46},"end":{"line":89,"column":53}},{"start":{"line":89,"column":56},"end":{"line":89,"column":62}}],"line":89},"8":{"loc":{"start":{"line":127,"column":4},"end":{"line":127,"column":23}},"type":"if","locations":[{"start":{"line":127,"column":4},"end":{"line":127,"column":23}},{"start":{},"end":{}}],"line":127}},"s":{"0":2,"1":2,"2":2,"3":5,"4":5,"5":5,"6":1,"7":1,"8":1,"9":1,"10":4,"11":4,"12":4,"13":5,"14":5,"15":5,"16":1,"17":1,"18":1,"19":1,"20":4,"21":4,"22":4,"23":3,"24":3,"25":3,"26":6,"27":6,"28":1,"29":5,"30":5,"31":1,"32":1,"33":1,"34":4,"35":2,"36":4,"37":2,"38":2,"39":2,"40":2,"41":2,"42":2,"43":1,"44":1,"45":2,"46":2,"47":2,"48":2,"49":2,"50":2,"51":1,"52":1,"53":1,"54":1,"55":5,"56":5,"57":1,"58":4,"59":4,"60":3,"61":1,"62":2,"63":2,"64":2,"65":1,"66":1,"67":2,"68":2,"69":2,"70":1,"71":1,"72":2,"73":2,"74":2,"75":1,"76":1},"f":{"0":2,"1":5,"2":5,"3":3,"4":6,"5":2,"6":2,"7":1,"8":1,"9":2,"10":2,"11":2,"12":5,"13":2,"14":2,"15":2},"b":{"0":[1,1],"1":[2,1],"2":[4,3],"3":[4,3],"4":[1,5],"5":[2,2],"6":[4,3],"7":[1,1],"8":[1,4]},"_coverageSchema":"1a1c01bbd47fc00a2c39e90264f33305004495a9","hash":"4d734fd26090efbce08cb3fad2eed20b8fc558b2"}
,"/home/michel/Documents/testes_atalaia/frontend/src/utils/businessRules.js": {"path":"/home/michel/Documents/testes_atalaia/frontend/src/utils/businessRules.js","statementMap":{"0":{"start":{"line":17,"column":2},"end":{"line":17,"column":66}}},"fnMap":{"0":{"name":"calcPixDiscount","decl":{"start":{"line":16,"column":16},"end":{"line":16,"column":31}},"loc":{"start":{"line":16,"column":56},"end":{"line":18,"column":1}},"line":16}},"branchMap":{"0":{"loc":{"start":{"line":17,"column":9},"end":{"line":17,"column":65}},"type":"cond-expr","locations":[{"start":{"line":17,"column":37},"end":{"line":17,"column":61}},{"start":{"line":17,"column":64},"end":{"line":17,"column":65}}],"line":17}},"s":{"0":45},"f":{"0":45},"b":{"0":[4,41]},"_coverageSchema":"1a1c01bbd47fc00a2c39e90264f33305004495a9","hash":"35a591d43b30f2a8190d4dd414a2a96c2d3fc145"}
}
