TN:
SF:src/App.js
FN:34,App
FN:38,(anonymous_1)
FN:40,(anonymous_2)
FN:44,(anonymous_3)
FNF:4
FNH:4
FNDA:13,App
FNDA:13,(anonymous_1)
FNDA:1,(anonymous_2)
FNDA:13,(anonymous_3)
DA:35,13
DA:36,13
DA:38,13
DA:39,13
DA:40,7
DA:44,13
DA:45,13
DA:48,13
LF:8
LH:8
BRDA:36,0,0,13
BRDA:36,0,1,7
BRDA:39,1,0,7
BRDA:39,1,1,6
BRDA:59,2,0,7
BRDA:59,2,1,6
BRDA:60,3,0,7
BRDA:60,3,1,6
BRDA:61,4,0,7
BRDA:61,4,1,6
BRDA:62,5,0,1
BRDA:62,5,1,12
BRF:12
BRH:12
end_of_record
TN:
SF:src/i18n.js
FNF:0
FNH:0
DA:7,5
LF:1
LH:1
BRDA:15,0,0,5
BRDA:15,0,1,3
BRF:2
BRH:2
end_of_record
TN:
SF:src/index.js
FNF:0
FNH:0
DA:6,1
DA:7,1
LF:2
LH:2
BRF:0
BRH:0
end_of_record
TN:
SF:src/components/Footer.js
FN:6,Footer
FNF:1
FNH:1
FNDA:1,Footer
DA:7,1
DA:9,1
LF:2
LH:2
BRF:0
BRH:0
end_of_record
TN:
SF:src/components/Header.js
FN:9,Header
FN:22,(anonymous_1)
FN:38,(anonymous_2)
FN:40,(anonymous_3)
FN:41,(anonymous_4)
FN:80,(anonymous_5)
FN:86,(anonymous_6)
FN:90,(anonymous_7)
FN:95,(anonymous_8)
FN:107,(anonymous_9)
FN:124,(anonymous_10)
FN:144,(anonymous_11)
FN:145,(anonymous_12)
FN:146,(anonymous_13)
FN:147,(anonymous_14)
FN:148,(anonymous_15)
FN:149,(anonymous_16)
FN:165,(anonymous_17)
FNF:18
FNH:18
FNDA:36,Header
FNDA:1,(anonymous_1)
FNDA:2,(anonymous_2)
FNDA:4,(anonymous_3)
FNDA:4,(anonymous_4)
FNDA:1,(anonymous_5)
FNDA:2,(anonymous_6)
FNDA:3,(anonymous_7)
FNDA:1,(anonymous_8)
FNDA:2,(anonymous_9)
FNDA:1,(anonymous_10)
FNDA:1,(anonymous_11)
FNDA:1,(anonymous_12)
FNDA:1,(anonymous_13)
FNDA:1,(anonymous_14)
FNDA:1,(anonymous_15)
FNDA:1,(anonymous_16)
FNDA:2,(anonymous_17)
DA:10,36
DA:11,36
DA:12,36
DA:13,36
DA:14,36
DA:15,36
DA:16,36
DA:17,36
DA:18,36
DA:19,36
DA:22,36
DA:23,1
DA:24,1
DA:25,1
DA:28,36
DA:30,36
DA:36,36
DA:38,36
DA:40,36
DA:41,36
DA:45,36
DA:80,1
DA:86,2
DA:91,3
DA:95,1
DA:107,2
DA:124,1
DA:144,1
DA:145,1
DA:146,1
DA:147,1
DA:148,1
DA:149,1
DA:166,2
DA:167,1
DA:168,1
LF:36
LH:36
BRDA:28,0,0,36
BRDA:28,0,1,1
BRDA:38,1,0,35
BRDA:38,1,1,1
BRDA:73,2,0,3
BRDA:73,2,1,33
BRDA:87,3,0,36
BRDA:87,3,1,1
BRDA:88,4,0,36
BRDA:88,4,1,1
BRDA:94,5,0,1
BRDA:94,5,1,2
BRDA:97,6,0,1
BRDA:97,6,1,2
BRDA:97,7,0,1
BRDA:97,7,1,1
BRDA:106,8,0,1
BRDA:106,8,1,35
BRDA:107,9,0,1
BRDA:107,9,1,1
BRDA:108,10,0,1
BRDA:108,10,1,35
BRDA:116,11,0,35
BRDA:116,11,1,1
BRDA:118,12,0,35
BRDA:118,12,1,1
BRDA:121,13,0,36
BRDA:121,13,1,1
BRDA:137,14,0,36
BRDA:137,14,1,1
BRDA:143,15,0,3
BRDA:143,15,1,33
BRDA:144,16,0,1
BRDA:144,16,1,35
BRDA:145,17,0,31
BRDA:145,17,1,5
BRDA:146,18,0,1
BRDA:146,18,1,35
BRDA:147,19,0,1
BRDA:147,19,1,35
BRDA:148,20,0,1
BRDA:148,20,1,35
BRDA:149,21,0,1
BRDA:149,21,1,35
BRDA:153,22,0,36
BRDA:153,22,1,3
BRDA:166,23,0,1
BRDA:166,23,1,1
BRF:48
BRH:48
end_of_record
TN:
SF:src/components/MiniCart.js
FN:9,MiniCart
FN:14,(anonymous_1)
FN:19,(anonymous_2)
FN:36,(anonymous_3)
FN:55,(anonymous_4)
FN:64,(anonymous_5)
FN:76,(anonymous_6)
FN:78,(anonymous_7)
FNF:8
FNH:8
FNDA:13,MiniCart
FNDA:1,(anonymous_1)
FNDA:2,(anonymous_2)
FNDA:9,(anonymous_3)
FNDA:11,(anonymous_4)
FNDA:1,(anonymous_5)
FNDA:2,(anonymous_6)
FNDA:1,(anonymous_7)
DA:10,13
DA:11,13
DA:12,13
DA:14,13
DA:15,1
DA:16,1
DA:19,13
DA:20,2
DA:21,1
DA:25,13
DA:36,9
DA:56,11
DA:64,1
DA:76,2
DA:78,1
LF:15
LH:15
BRDA:20,0,0,1
BRDA:20,0,1,1
BRDA:27,1,0,13
BRDA:27,1,1,12
BRDA:46,2,0,1
BRDA:46,2,1,11
BRDA:70,3,0,11
BRDA:70,3,1,9
BRDA:71,4,0,11
BRDA:71,4,1,9
BRDA:76,5,0,2
BRDA:76,5,1,1
BRDA:89,6,0,12
BRDA:89,6,1,11
BRF:14
BRH:14
end_of_record
TN:
SF:src/components/ProductCard.js
FN:11,ProductCard
FN:21,(anonymous_1)
FN:24,(anonymous_2)
FN:25,(anonymous_3)
FN:47,(anonymous_4)
FN:49,(anonymous_5)
FN:63,(anonymous_6)
FN:89,(anonymous_7)
FN:110,(anonymous_8)
FNF:9
FNH:9
FNDA:48,ProductCard
FNDA:48,(anonymous_1)
FNDA:17,(anonymous_2)
FNDA:17,(anonymous_3)
FNDA:17,(anonymous_4)
FNDA:7,(anonymous_5)
FNDA:6,(anonymous_6)
FNDA:4,(anonymous_7)
FNDA:1,(anonymous_8)
DA:12,48
DA:13,48
DA:14,48
DA:15,48
DA:16,48
DA:17,48
DA:18,48
DA:19,48
DA:20,48
DA:21,48
DA:22,48
DA:24,48
DA:25,17
DA:26,17
DA:27,17
DA:30,15
DA:31,15
DA:32,14
DA:34,15
DA:35,14
DA:38,1
DA:40,16
DA:44,17
DA:47,48
DA:48,17
DA:49,7
DA:50,7
DA:51,7
DA:55,7
DA:60,7
DA:63,48
DA:64,6
DA:65,6
DA:66,1
DA:67,1
DA:69,5
DA:70,5
DA:71,5
DA:72,1
DA:75,1
DA:77,4
DA:80,1
DA:83,3
DA:85,5
DA:89,48
DA:90,4
DA:91,4
DA:92,4
DA:93,4
DA:94,2
DA:97,2
DA:98,1
DA:100,1
DA:102,2
DA:106,48
DA:107,31
DA:109,30
DA:110,1
LF:58
LH:58
BRDA:31,0,0,14
BRDA:31,0,1,1
BRDA:34,1,0,14
BRDA:34,1,1,1
BRDA:48,2,0,10
BRDA:48,2,1,7
BRDA:48,3,0,17
BRDA:48,3,1,7
BRDA:65,4,0,1
BRDA:65,4,1,5
BRDA:71,5,0,1
BRDA:71,5,1,4
BRDA:83,6,0,1
BRDA:83,6,1,2
BRDA:97,7,0,1
BRDA:97,7,1,1
BRDA:97,8,0,2
BRDA:97,8,1,1
BRDA:106,9,0,17
BRDA:106,9,1,31
BRDA:107,10,0,1
BRDA:107,10,1,30
BRDA:114,11,0,3
BRDA:114,11,1,27
BRDA:117,12,0,3
BRDA:117,12,1,27
BRDA:120,13,0,3
BRDA:120,13,1,27
BRDA:126,14,0,1
BRDA:126,14,1,29
BRDA:129,15,0,30
BRDA:129,15,1,29
BRDA:131,16,0,29
BRDA:131,16,1,1
BRDA:132,17,0,4
BRDA:132,17,1,25
BRF:36
BRH:36
end_of_record
TN:
SF:src/config/api.js
FNF:0
FNH:0
DA:1,8
LF:1
LH:1
BRDA:1,0,0,8
BRDA:1,0,1,8
BRF:2
BRH:2
end_of_record
TN:
SF:src/pages/About.js
FN:4,About
FNF:1
FNH:1
FNDA:1,About
DA:5,1
LF:1
LH:1
BRF:0
BRH:0
end_of_record
TN:
SF:src/pages/Account.js
FN:6,Account
FN:11,(anonymous_1)
FNF:2
FNH:2
FNDA:4,Account
FNDA:4,(anonymous_1)
DA:7,4
DA:8,4
DA:9,4
DA:11,4
DA:12,4
DA:13,4
DA:16,4
LF:7
LH:7
BRDA:20,0,0,4
BRDA:20,0,1,3
BRDA:21,1,0,4
BRDA:21,1,1,3
BRDA:21,1,2,2
BRF:5
BRH:5
end_of_record
TN:
SF:src/pages/Admin.js
FN:10,StarRating
FN:13,(anonymous_1)
FN:17,(anonymous_2)
FN:25,Admin
FN:38,(anonymous_4)
FN:40,(anonymous_5)
FN:40,(anonymous_6)
FN:42,(anonymous_7)
FN:46,(anonymous_8)
FN:50,(anonymous_9)
FN:54,(anonymous_10)
FN:58,(anonymous_11)
FN:63,(anonymous_12)
FN:69,(anonymous_13)
FN:73,(anonymous_14)
FN:78,(anonymous_15)
FN:93,(anonymous_16)
FN:97,(anonymous_17)
FN:102,(anonymous_18)
FN:107,(anonymous_19)
FN:116,(anonymous_20)
FN:119,(anonymous_21)
FN:120,(anonymous_22)
FN:145,(anonymous_23)
FN:146,(anonymous_24)
FN:147,(anonymous_25)
FN:148,(anonymous_26)
FN:161,(anonymous_27)
FN:168,(anonymous_28)
FN:169,(anonymous_29)
FN:188,(anonymous_30)
FN:196,(anonymous_31)
FN:204,(anonymous_32)
FN:208,(anonymous_33)
FN:218,(anonymous_34)
FN:223,(anonymous_35)
FN:226,(anonymous_36)
FN:227,(anonymous_37)
FN:244,(anonymous_38)
FN:245,(anonymous_39)
FN:248,(anonymous_40)
FN:253,(anonymous_41)
FN:254,(anonymous_42)
FN:263,(anonymous_43)
FN:270,(anonymous_44)
FNF:45
FNH:45
FNDA:61,StarRating
FNDA:305,(anonymous_1)
FNDA:2,(anonymous_2)
FNDA:211,Admin
FNDA:31,(anonymous_4)
FNDA:18,(anonymous_5)
FNDA:1,(anonymous_6)
FNDA:29,(anonymous_7)
FNDA:11,(anonymous_8)
FNDA:19,(anonymous_9)
FNDA:12,(anonymous_10)
FNDA:31,(anonymous_11)
FNDA:63,(anonymous_12)
FNDA:3,(anonymous_13)
FNDA:3,(anonymous_14)
FNDA:5,(anonymous_15)
FNDA:2,(anonymous_16)
FNDA:3,(anonymous_17)
FNDA:4,(anonymous_18)
FNDA:3,(anonymous_19)
FNDA:1,(anonymous_20)
FNDA:844,(anonymous_21)
FNDA:29,(anonymous_22)
FNDA:1,(anonymous_23)
FNDA:1,(anonymous_24)
FNDA:1,(anonymous_25)
FNDA:1,(anonymous_26)
FNDA:28,(anonymous_27)
FNDA:3,(anonymous_28)
FNDA:3,(anonymous_29)
FNDA:497,(anonymous_30)
FNDA:30,(anonymous_31)
FNDA:4,(anonymous_32)
FNDA:1,(anonymous_33)
FNDA:63,(anonymous_34)
FNDA:2,(anonymous_35)
FNDA:3,(anonymous_36)
FNDA:3,(anonymous_37)
FNDA:19,(anonymous_38)
FNDA:8,(anonymous_39)
FNDA:1,(anonymous_40)
FNDA:1,(anonymous_41)
FNDA:2,(anonymous_42)
FNDA:47,(anonymous_43)
FNDA:3,(anonymous_44)
DA:8,1
DA:11,61
DA:14,305
DA:17,2
DA:26,211
DA:27,211
DA:28,211
DA:29,211
DA:30,211
DA:31,211
DA:32,211
DA:33,211
DA:34,211
DA:35,211
DA:36,211
DA:38,211
DA:40,211
DA:42,211
DA:43,29
DA:46,211
DA:47,11
DA:50,211
DA:51,19
DA:54,211
DA:55,12
DA:58,211
DA:59,31
DA:60,29
DA:63,211
DA:64,63
DA:65,63
DA:66,63
DA:69,211
DA:70,3
DA:73,211
DA:74,3
DA:75,2
DA:78,211
DA:79,5
DA:80,5
DA:81,2
DA:82,2
DA:84,3
DA:85,2
DA:86,2
DA:88,4
DA:89,4
DA:90,1
DA:93,211
DA:94,2
DA:97,211
DA:98,3
DA:99,2
DA:102,211
DA:103,4
DA:104,4
DA:107,211
DA:108,3
DA:109,2
DA:112,211
DA:116,1
DA:120,844
DA:145,1
DA:146,1
DA:147,1
DA:148,1
DA:162,28
DA:168,3
DA:169,3
DA:189,497
DA:196,30
DA:204,4
DA:208,1
DA:219,63
DA:223,2
DA:226,3
DA:227,3
DA:244,19
DA:245,8
DA:248,1
DA:253,1
DA:254,2
DA:264,47
DA:270,3
LF:84
LH:84
BRDA:16,0,0,114
BRDA:16,0,1,191
BRDA:17,1,0,1
BRDA:17,1,1,1
BRDA:18,2,0,244
BRDA:18,2,1,61
BRDA:59,3,0,2
BRDA:59,3,1,29
BRDA:59,4,0,31
BRDA:59,4,1,30
BRDA:64,5,0,8
BRDA:64,5,1,55
BRDA:65,6,0,12
BRDA:65,6,1,51
BRDA:66,7,0,9
BRDA:66,7,1,54
BRDA:74,8,0,1
BRDA:74,8,1,2
BRDA:80,9,0,2
BRDA:80,9,1,3
BRDA:98,10,0,1
BRDA:98,10,1,2
BRDA:104,11,0,2
BRDA:104,11,1,1
BRDA:108,12,0,1
BRDA:108,12,1,2
BRDA:120,13,0,211
BRDA:120,13,1,633
BRDA:133,14,0,211
BRDA:133,14,1,18
BRDA:136,15,0,211
BRDA:136,15,1,62
BRDA:154,16,0,211
BRDA:154,16,1,23
BRDA:162,17,0,14
BRDA:162,17,1,14
BRDA:165,18,0,14
BRDA:165,18,1,14
BRDA:165,19,0,14
BRDA:165,19,1,14
BRDA:168,20,0,14
BRDA:168,20,1,14
BRDA:180,21,0,211
BRDA:180,21,1,71
BRDA:186,22,0,21
BRDA:186,22,1,50
BRDA:195,23,0,147
BRDA:195,23,1,350
BRDA:195,24,0,147
BRDA:195,24,1,1
BRDA:195,25,0,350
BRDA:195,25,1,336
BRDA:196,26,0,16
BRDA:196,26,1,14
BRDA:203,27,0,21
BRDA:203,27,1,50
BRDA:204,28,0,2
BRDA:204,28,1,2
BRDA:207,29,0,21
BRDA:207,29,1,50
BRDA:208,30,0,71
BRDA:208,30,1,21
BRDA:219,31,0,4
BRDA:219,31,1,59
BRDA:223,32,0,63
BRDA:223,32,1,4
BRDA:224,33,0,59
BRDA:224,33,1,4
BRDA:224,34,0,59
BRDA:224,34,1,4
BRDA:238,35,0,211
BRDA:238,35,1,55
BRDA:266,36,0,46
BRDA:266,36,1,1
BRDA:267,37,0,46
BRDA:267,37,1,1
BRDA:269,38,0,46
BRDA:269,38,1,1
BRF:78
BRH:78
end_of_record
TN:
SF:src/pages/Careers.js
FN:4,Careers
FNF:1
FNH:1
FNDA:1,Careers
DA:5,1
LF:1
LH:1
BRF:0
BRH:0
end_of_record
TN:
SF:src/pages/Cart.js
FN:8,Cart
FN:15,(anonymous_1)
FN:21,(anonymous_2)
FN:34,(anonymous_3)
FN:42,(anonymous_4)
FN:52,(anonymous_5)
FN:66,(anonymous_6)
FN:77,(anonymous_7)
FN:84,(anonymous_8)
FN:96,(anonymous_9)
FN:102,(anonymous_10)
FN:105,(anonymous_11)
FN:116,(anonymous_12)
FN:151,(anonymous_13)
FNF:14
FNH:14
FNDA:22,Cart
FNDA:12,(anonymous_1)
FNDA:11,(anonymous_2)
FNDA:2,(anonymous_3)
FNDA:3,(anonymous_4)
FNDA:5,(anonymous_5)
FNDA:1,(anonymous_6)
FNDA:1,(anonymous_7)
FNDA:9,(anonymous_8)
FNDA:2,(anonymous_9)
FNDA:1,(anonymous_10)
FNDA:2,(anonymous_11)
FNDA:2,(anonymous_12)
FNDA:1,(anonymous_13)
DA:9,22
DA:10,22
DA:11,22
DA:12,22
DA:13,22
DA:15,22
DA:16,12
DA:17,1
DA:18,1
DA:21,11
DA:22,11
DA:23,11
DA:25,1
DA:27,10
DA:31,11
DA:34,22
DA:35,2
DA:36,2
DA:38,1
DA:42,22
DA:43,3
DA:44,2
DA:45,2
DA:47,1
DA:52,22
DA:53,5
DA:54,4
DA:55,4
DA:57,1
DA:61,22
DA:62,22
DA:64,22
DA:66,1
DA:77,1
DA:85,9
DA:96,2
DA:102,1
DA:105,2
DA:116,2
DA:151,1
LF:40
LH:40
BRDA:16,0,0,1
BRDA:16,0,1,11
BRDA:43,1,0,2
BRDA:43,1,1,1
BRDA:53,2,0,1
BRDA:53,2,1,4
BRDA:61,3,0,20
BRDA:61,3,1,2
BRDA:72,4,0,12
BRDA:72,4,1,10
BRDA:74,5,0,1
BRDA:74,5,1,9
BRDA:90,6,0,9
BRDA:90,6,1,8
BRDA:91,7,0,9
BRDA:91,7,1,7
BRF:16
BRH:16
end_of_record
TN:
SF:src/pages/Checkout.js
FN:11,Checkout
FN:30,(anonymous_1)
FN:34,(anonymous_2)
FN:36,(anonymous_3)
FN:45,(anonymous_4)
FN:90,(anonymous_5)
FN:106,(anonymous_6)
FN:255,(anonymous_7)
FNF:8
FNH:8
FNDA:43,Checkout
FNDA:10,(anonymous_1)
FNDA:25,(anonymous_2)
FNDA:25,(anonymous_3)
FNDA:5,(anonymous_4)
FNDA:1,(anonymous_5)
FNDA:1,(anonymous_6)
FNDA:42,(anonymous_7)
DA:12,43
DA:13,43
DA:14,43
DA:15,43
DA:16,43
DA:17,43
DA:27,43
DA:30,43
DA:31,10
DA:34,43
DA:35,25
DA:36,25
DA:37,25
DA:45,43
DA:46,5
DA:48,5
DA:49,1
DA:50,1
DA:53,4
DA:54,4
DA:55,4
DA:56,4
DA:61,4
DA:67,2
DA:76,2
DA:78,4
DA:82,43
DA:83,43
DA:84,43
DA:86,43
DA:87,1
DA:90,1
DA:97,42
DA:106,1
DA:256,42
LF:35
LH:35
BRDA:48,0,0,1
BRDA:48,0,1,4
BRDA:48,1,0,5
BRDA:48,1,1,4
BRDA:48,1,2,4
BRDA:48,1,3,4
BRDA:48,1,4,4
BRDA:55,2,0,1
BRDA:55,2,1,3
BRDA:70,3,0,2
BRDA:70,3,1,1
BRDA:76,4,0,2
BRDA:76,4,1,1
BRDA:86,5,0,1
BRDA:86,5,1,42
BRDA:118,6,0,42
BRDA:118,6,1,3
BRDA:204,7,0,38
BRDA:204,7,1,4
BRDA:215,8,0,3
BRDA:215,8,1,39
BRDA:227,9,0,1
BRDA:227,9,1,41
BRDA:241,10,0,4
BRDA:241,10,1,38
BRDA:263,11,0,41
BRDA:263,11,1,1
BRDA:263,12,0,41
BRDA:263,12,1,1
BRDA:277,13,0,42
BRDA:277,13,1,3
BRF:31
BRH:31
end_of_record
TN:
SF:src/pages/Contact.js
FN:4,Contact
FN:33,(anonymous_1)
FNF:2
FNH:2
FNDA:2,Contact
FNDA:1,(anonymous_1)
DA:5,2
DA:33,1
LF:2
LH:2
BRF:0
BRH:0
end_of_record
TN:
SF:src/pages/Faq.js
FN:4,Faq
FNF:1
FNH:1
FNDA:1,Faq
DA:5,1
LF:1
LH:1
BRF:0
BRH:0
end_of_record
TN:
SF:src/pages/Home.js
FN:10,Home
FN:21,(anonymous_1)
FN:23,(anonymous_2)
FN:24,(anonymous_3)
FN:28,(anonymous_4)
FN:32,(anonymous_5)
FN:93,(anonymous_6)
FN:110,(anonymous_7)
FN:144,(anonymous_8)
FN:188,(anonymous_9)
FN:189,(anonymous_10)
FN:190,(anonymous_11)
FN:191,(anonymous_12)
FN:198,(anonymous_13)
FN:206,(anonymous_14)
FN:235,(anonymous_15)
FN:251,(anonymous_16)
FN:259,(anonymous_17)
FN:278,(anonymous_18)
FN:290,(anonymous_19)
FNF:20
FNH:20
FNDA:23,Home
FNDA:15,(anonymous_1)
FNDA:1,(anonymous_2)
FNDA:4,(anonymous_3)
FNDA:13,(anonymous_4)
FNDA:13,(anonymous_5)
FNDA:1,(anonymous_6)
FNDA:1,(anonymous_7)
FNDA:1,(anonymous_8)
FNDA:1,(anonymous_9)
FNDA:1,(anonymous_10)
FNDA:1,(anonymous_11)
FNDA:1,(anonymous_12)
FNDA:1,(anonymous_13)
FNDA:8,(anonymous_14)
FNDA:1,(anonymous_15)
FNDA:1,(anonymous_16)
FNDA:4,(anonymous_17)
FNDA:92,(anonymous_18)
FNDA:1,(anonymous_19)
DA:11,23
DA:12,23
DA:13,23
DA:14,23
DA:15,23
DA:16,23
DA:18,23
DA:19,23
DA:21,23
DA:22,15
DA:23,4
DA:24,4
DA:28,23
DA:30,13
DA:32,13
DA:33,13
DA:34,13
DA:35,13
DA:36,10
DA:38,10
DA:39,2
DA:40,2
DA:43,8
DA:44,8
DA:46,1
DA:47,1
DA:49,11
DA:53,13
DA:56,23
DA:93,1
DA:110,1
DA:144,1
DA:188,1
DA:189,1
DA:190,1
DA:191,1
DA:198,1
DA:207,8
DA:235,1
DA:251,1
DA:260,4
DA:279,92
DA:290,1
LF:43
LH:43
BRDA:18,0,0,23
BRDA:18,0,1,1
BRDA:22,1,0,4
BRDA:22,1,1,11
BRDA:36,2,0,10
BRDA:36,2,1,1
BRDA:38,3,0,2
BRDA:38,3,1,8
BRDA:66,4,0,23
BRDA:66,4,1,6
BRDA:66,4,2,6
BRDA:68,5,0,1
BRDA:68,5,1,5
BRDA:76,6,0,1
BRDA:76,6,1,5
BRDA:86,7,0,5
BRDA:86,7,1,2
BRDA:88,8,0,5
BRDA:88,8,1,2
BRDA:141,9,0,23
BRDA:141,9,1,2
BRDA:200,10,0,14
BRDA:200,10,1,9
BRDA:202,11,0,1
BRDA:202,11,1,8
BRDA:253,12,0,14
BRDA:253,12,1,9
BRDA:255,13,0,1
BRDA:255,13,1,8
BRF:29
BRH:29
end_of_record
TN:
SF:src/pages/Login.js
FN:8,Login
FN:20,(anonymous_1)
FN:51,(anonymous_2)
FN:76,(anonymous_3)
FN:78,(anonymous_4)
FN:82,(anonymous_5)
FN:192,(anonymous_6)
FN:198,(anonymous_7)
FN:203,(anonymous_8)
FNF:9
FNH:9
FNDA:76,Login
FNDA:8,(anonymous_1)
FNDA:4,(anonymous_2)
FNDA:29,(anonymous_3)
FNDA:29,(anonymous_4)
FNDA:11,(anonymous_5)
FNDA:8,(anonymous_6)
FNDA:1,(anonymous_7)
FNDA:1,(anonymous_8)
DA:9,76
DA:10,76
DA:11,76
DA:12,76
DA:16,76
DA:17,76
DA:18,76
DA:20,76
DA:21,8
DA:22,8
DA:23,1
DA:24,1
DA:26,7
DA:27,7
DA:32,7
DA:33,7
DA:36,5
DA:37,4
DA:38,4
DA:39,4
DA:41,1
DA:42,1
DA:43,1
DA:44,1
DA:47,2
DA:51,76
DA:52,4
DA:53,4
DA:54,1
DA:55,1
DA:57,3
DA:58,3
DA:63,3
DA:64,3
DA:66,1
DA:67,1
DA:68,1
DA:69,1
DA:70,1
DA:72,2
DA:76,76
DA:77,29
DA:78,29
DA:79,29
DA:82,76
DA:83,11
DA:85,11
DA:86,2
DA:87,2
DA:90,9
DA:91,9
DA:92,5
DA:93,1
DA:95,4
DA:98,4
DA:102,76
DA:104,76
DA:192,8
DA:198,1
DA:203,1
LF:60
LH:60
BRDA:22,0,0,1
BRDA:22,0,1,7
BRDA:33,1,0,2
BRDA:33,1,1,5
BRDA:33,2,0,2
BRDA:33,2,1,1
BRDA:36,3,0,4
BRDA:36,3,1,1
BRDA:53,4,0,1
BRDA:53,4,1,3
BRDA:64,5,0,2
BRDA:64,5,1,1
BRDA:64,6,0,2
BRDA:64,6,1,1
BRDA:85,7,0,2
BRDA:85,7,1,9
BRDA:85,8,0,11
BRDA:85,8,1,10
BRDA:92,9,0,1
BRDA:92,9,1,4
BRDA:98,10,0,4
BRDA:98,10,1,3
BRDA:107,11,0,28
BRDA:107,11,1,48
BRDA:109,12,0,76
BRDA:109,12,1,64
BRDA:109,12,2,13
BRDA:110,13,0,13
BRDA:110,13,1,1
BRDA:113,14,0,76
BRDA:113,14,1,48
BRDA:145,15,0,1
BRDA:145,15,1,47
BRDA:150,16,0,76
BRDA:150,16,1,18
BRDA:170,17,0,76
BRDA:170,17,1,10
BRDA:190,18,0,76
BRDA:190,18,1,48
BRDA:196,19,0,76
BRDA:196,19,1,28
BRF:41
BRH:41
end_of_record
TN:
SF:src/pages/Payments.js
FN:4,Payments
FNF:1
FNH:1
FNDA:1,Payments
DA:5,1
LF:1
LH:1
BRF:0
BRH:0
end_of_record
TN:
SF:src/pages/Privacy.js
FN:4,Privacy
FNF:1
FNH:1
FNDA:1,Privacy
DA:5,1
LF:1
LH:1
BRF:0
BRH:0
end_of_record
TN:
SF:src/pages/ProductDetail.js
FN:11,ProductDetail
FN:16,(anonymous_1)
FN:25,(anonymous_2)
FN:27,(anonymous_3)
FN:42,(anonymous_4)
FN:51,(anonymous_5)
FN:72,(anonymous_6)
FN:109,(anonymous_7)
FN:113,(anonymous_8)
FN:126,(anonymous_9)
FN:130,(anonymous_10)
FNF:11
FNH:11
FNDA:30,ProductDetail
FNDA:30,(anonymous_1)
FNDA:10,(anonymous_2)
FNDA:10,(anonymous_3)
FNDA:5,(anonymous_4)
FNDA:1,(anonymous_5)
FNDA:1,(anonymous_6)
FNDA:36,(anonymous_7)
FNDA:1,(anonymous_8)
FNDA:36,(anonymous_9)
FNDA:1,(anonymous_10)
DA:12,30
DA:13,30
DA:14,30
DA:15,30
DA:16,30
DA:18,30
DA:19,30
DA:20,30
DA:21,30
DA:22,30
DA:23,30
DA:25,30
DA:26,10
DA:27,10
DA:28,10
DA:29,10
DA:30,8
DA:31,8
DA:32,8
DA:34,1
DA:36,9
DA:39,10
DA:42,30
DA:43,5
DA:44,1
DA:45,1
DA:47,4
DA:48,4
DA:49,4
DA:50,2
DA:51,2
DA:53,2
DA:55,4
DA:59,30
DA:60,20
DA:62,19
DA:63,19
DA:65,19
DA:72,1
DA:110,36
DA:113,1
DA:127,36
DA:130,1
LF:43
LH:43
BRDA:31,0,0,7
BRDA:31,0,1,1
BRDA:32,1,0,7
BRDA:32,1,1,1
BRDA:43,2,0,1
BRDA:43,2,1,4
BRDA:53,3,0,1
BRDA:53,3,1,1
BRDA:59,4,0,10
BRDA:59,4,1,20
BRDA:60,5,0,1
BRDA:60,5,1,19
BRDA:62,6,0,18
BRDA:62,6,1,1
BRDA:63,7,0,18
BRDA:63,7,1,1
BRDA:85,8,0,19
BRDA:85,8,1,1
BRDA:101,9,0,19
BRDA:101,9,1,18
BRDA:105,10,0,19
BRDA:105,10,1,18
BRDA:112,11,0,18
BRDA:112,11,1,18
BRDA:122,12,0,19
BRDA:122,12,1,18
BRDA:129,13,0,18
BRDA:129,13,1,18
BRDA:140,14,0,2
BRDA:140,14,1,17
BRDA:142,15,0,19
BRDA:142,15,1,18
BRDA:144,16,0,1
BRDA:144,16,1,18
BRDA:146,17,0,2
BRDA:146,17,1,16
BRDA:148,18,0,4
BRDA:148,18,1,12
BRF:38
BRH:38
end_of_record
TN:
SF:src/pages/Products.js
FN:10,Products
FN:16,(anonymous_1)
FN:28,(anonymous_2)
FN:32,(anonymous_3)
FN:37,(anonymous_4)
FN:41,(anonymous_5)
FN:42,(anonymous_6)
FN:69,(anonymous_7)
FN:71,(anonymous_8)
FN:117,(anonymous_9)
FN:157,(anonymous_10)
FN:176,(anonymous_11)
FN:186,(anonymous_12)
FNF:13
FNH:13
FNDA:22,Products
FNDA:7,(anonymous_1)
FNDA:7,(anonymous_2)
FNDA:11,(anonymous_3)
FNDA:2,(anonymous_4)
FNDA:14,(anonymous_5)
FNDA:14,(anonymous_6)
FNDA:3,(anonymous_7)
FNDA:3,(anonymous_8)
FNDA:176,(anonymous_9)
FNDA:1,(anonymous_10)
FNDA:1,(anonymous_11)
FNDA:2,(anonymous_12)
DA:11,22
DA:12,22
DA:13,22
DA:14,22
DA:15,22
DA:16,22
DA:17,7
DA:18,7
DA:28,22
DA:29,7
DA:32,22
DA:33,11
DA:34,11
DA:35,11
DA:36,11
DA:37,2
DA:41,22
DA:42,14
DA:43,14
DA:44,14
DA:45,14
DA:46,14
DA:47,14
DA:48,14
DA:50,14
DA:51,14
DA:52,14
DA:53,14
DA:55,14
DA:58,12
DA:60,1
DA:62,13
DA:66,14
DA:69,22
DA:70,3
DA:71,3
DA:74,22
DA:85,22
DA:118,176
DA:158,1
DA:159,1
DA:177,1
DA:178,1
DA:187,2
LF:44
LH:44
BRDA:19,0,0,7
BRDA:19,0,1,4
BRDA:22,1,0,7
BRDA:22,1,1,6
BRDA:34,2,0,11
BRDA:34,2,1,6
BRDA:35,3,0,11
BRDA:35,3,1,8
BRDA:36,4,0,2
BRDA:36,4,1,9
BRDA:36,5,0,11
BRDA:36,5,1,9
BRDA:45,6,0,7
BRDA:45,6,1,7
BRDA:46,7,0,3
BRDA:46,7,1,11
BRDA:47,8,0,2
BRDA:47,8,1,12
BRDA:48,9,0,5
BRDA:48,9,1,9
BRDA:95,10,0,22
BRDA:95,10,1,11
BRDA:154,11,0,22
BRDA:154,11,1,11
BRDA:154,11,2,11
BRDA:154,11,3,11
BRDA:154,11,4,13
BRDA:169,12,0,7
BRDA:169,12,1,15
BRDA:171,13,0,14
BRDA:171,13,1,1
BRF:31
BRH:31
end_of_record
TN:
SF:src/pages/Register.js
FN:7,Register
FN:19,(anonymous_1)
FN:21,(anonymous_2)
FN:25,(anonymous_3)
FN:104,(anonymous_4)
FNF:5
FNH:5
FNDA:39,Register
FNDA:23,(anonymous_1)
FNDA:23,(anonymous_2)
FNDA:8,(anonymous_3)
FNDA:1,(anonymous_4)
DA:8,39
DA:9,39
DA:10,39
DA:11,39
DA:17,39
DA:19,39
DA:20,23
DA:21,23
DA:22,23
DA:25,39
DA:26,8
DA:28,8
DA:29,3
DA:30,3
DA:33,5
DA:34,5
DA:35,1
DA:37,4
DA:41,39
DA:104,1
LF:20
LH:20
BRDA:28,0,0,3
BRDA:28,0,1,5
BRDA:28,1,0,8
BRDA:28,1,1,7
BRDA:28,1,2,6
BRDA:37,2,0,4
BRDA:37,2,1,3
BRDA:46,3,0,39
BRDA:46,3,1,38
BRDA:46,3,2,8
BRDA:47,4,0,8
BRDA:47,4,1,7
BRDA:99,5,0,1
BRDA:99,5,1,38
BRF:14
BRH:14
end_of_record
TN:
SF:src/pages/Returns.js
FN:5,Returns
FNF:1
FNH:1
FNDA:1,Returns
DA:6,1
LF:1
LH:1
BRF:0
BRH:0
end_of_record
TN:
SF:src/pages/Shipping.js
FN:4,Shipping
FNF:1
FNH:1
FNDA:1,Shipping
DA:5,1
LF:1
LH:1
BRF:0
BRH:0
end_of_record
TN:
SF:src/pages/Stores.js
FN:4,Stores
FNF:1
FNH:1
FNDA:1,Stores
DA:5,1
LF:1
LH:1
BRF:0
BRH:0
end_of_record
TN:
SF:src/store/index.js
FN:7,(anonymous_0)
FN:14,(anonymous_1)
FN:40,(anonymous_2)
FN:64,(anonymous_3)
FN:70,(anonymous_4)
FN:88,(anonymous_5)
FN:96,(anonymous_6)
FN:102,(anonymous_7)
FN:103,(anonymous_8)
FN:104,(anonymous_9)
FN:104,(anonymous_10)
FN:106,(anonymous_11)
FN:125,(anonymous_12)
FN:143,(anonymous_13)
FN:156,(anonymous_14)
FN:169,(anonymous_15)
FNF:16
FNH:16
FNDA:2,(anonymous_0)
FNDA:5,(anonymous_1)
FNDA:5,(anonymous_2)
FNDA:3,(anonymous_3)
FNDA:6,(anonymous_4)
FNDA:2,(anonymous_5)
FNDA:2,(anonymous_6)
FNDA:1,(anonymous_7)
FNDA:1,(anonymous_8)
FNDA:2,(anonymous_9)
FNDA:2,(anonymous_10)
FNDA:2,(anonymous_11)
FNDA:5,(anonymous_12)
FNDA:2,(anonymous_13)
FNDA:2,(anonymous_14)
FNDA:2,(anonymous_15)
DA:5,2
DA:7,2
DA:15,5
DA:16,5
DA:17,5
DA:24,1
DA:25,1
DA:26,1
DA:32,1
DA:34,4
DA:35,4
DA:36,4
DA:41,5
DA:42,5
DA:43,5
DA:48,1
DA:49,1
DA:50,1
DA:56,1
DA:58,4
DA:59,4
DA:60,4
DA:65,3
DA:66,3
DA:67,3
DA:71,6
DA:72,6
DA:73,5
DA:74,5
DA:77,1
DA:78,1
DA:79,1
DA:81,4
DA:82,2
DA:84,4
DA:89,2
DA:90,2
DA:91,2
DA:92,2
DA:96,2
DA:102,1
DA:103,1
DA:104,2
DA:107,2
DA:108,2
DA:110,2
DA:111,2
DA:117,1
DA:118,1
DA:120,1
DA:121,1
DA:126,5
DA:127,5
DA:129,4
DA:130,4
DA:134,3
DA:139,1
DA:144,2
DA:145,2
DA:146,2
DA:150,1
DA:152,1
DA:157,2
DA:158,2
DA:159,2
DA:163,1
DA:165,1
DA:170,2
DA:171,2
DA:172,2
DA:177,1
DA:179,1
LF:72
LH:72
BRDA:8,0,0,1
BRDA:8,0,1,1
BRDA:12,1,0,2
BRDA:12,1,1,1
BRDA:34,2,0,4
BRDA:34,2,1,3
BRDA:58,3,0,4
BRDA:58,3,1,3
BRDA:72,4,0,1
BRDA:72,4,1,5
BRDA:81,5,0,2
BRDA:81,5,1,2
BRDA:81,6,0,4
BRDA:81,6,1,3
BRDA:89,7,0,1
BRDA:89,7,1,1
BRDA:127,8,0,1
BRDA:127,8,1,4
BRF:18
BRH:18
end_of_record
TN:
SF:src/utils/businessRules.js
FN:16,calcPixDiscount
FNF:1
FNH:1
FNDA:45,calcPixDiscount
DA:17,45
LF:1
LH:1
BRDA:17,0,0,4
BRDA:17,0,1,41
BRF:2
BRH:2
end_of_record
