TN:
SF:src/App.js
FN:34,App
FN:38,(anonymous_1)
FN:40,(anonymous_2)
FN:44,(anonymous_3)
FNF:4
FNH:0
FNDA:0,App
FNDA:0,(anonymous_1)
FNDA:0,(anonymous_2)
FNDA:0,(anonymous_3)
DA:35,0
DA:36,0
DA:38,0
DA:39,0
DA:40,0
DA:44,0
DA:45,0
DA:48,0
LF:8
LH:0
BRDA:36,0,0,0
BRDA:36,0,1,0
BRDA:39,1,0,0
BRDA:39,1,1,0
BRDA:59,2,0,0
BRDA:59,2,1,0
BRDA:60,3,0,0
BRDA:60,3,1,0
BRDA:61,4,0,0
BRDA:61,4,1,0
BRDA:62,5,0,0
BRDA:62,5,1,0
BRF:12
BRH:0
end_of_record
TN:
SF:src/i18n.js
FNF:0
FNH:0
DA:7,0
LF:1
LH:0
BRDA:15,0,0,0
BRDA:15,0,1,0
BRF:2
BRH:0
end_of_record
TN:
SF:src/index.js
FNF:0
FNH:0
DA:6,0
DA:7,0
LF:2
LH:0
BRF:0
BRH:0
end_of_record
TN:
SF:src/components/Footer.js
FN:6,Footer
FNF:1
FNH:0
FNDA:0,Footer
DA:7,0
DA:9,0
LF:2
LH:0
BRF:0
BRH:0
end_of_record
TN:
SF:src/components/Header.js
FN:9,Header
FN:22,(anonymous_1)
FN:38,(anonymous_2)
FN:40,(anonymous_3)
FN:41,(anonymous_4)
FN:80,(anonymous_5)
FN:86,(anonymous_6)
FN:90,(anonymous_7)
FN:95,(anonymous_8)
FN:107,(anonymous_9)
FN:124,(anonymous_10)
FN:144,(anonymous_11)
FN:145,(anonymous_12)
FN:146,(anonymous_13)
FN:147,(anonymous_14)
FN:148,(anonymous_15)
FN:149,(anonymous_16)
FN:165,(anonymous_17)
FNF:18
FNH:0
FNDA:0,Header
FNDA:0,(anonymous_1)
FNDA:0,(anonymous_2)
FNDA:0,(anonymous_3)
FNDA:0,(anonymous_4)
FNDA:0,(anonymous_5)
FNDA:0,(anonymous_6)
FNDA:0,(anonymous_7)
FNDA:0,(anonymous_8)
FNDA:0,(anonymous_9)
FNDA:0,(anonymous_10)
FNDA:0,(anonymous_11)
FNDA:0,(anonymous_12)
FNDA:0,(anonymous_13)
FNDA:0,(anonymous_14)
FNDA:0,(anonymous_15)
FNDA:0,(anonymous_16)
FNDA:0,(anonymous_17)
DA:10,0
DA:11,0
DA:12,0
DA:13,0
DA:14,0
DA:15,0
DA:16,0
DA:17,0
DA:18,0
DA:19,0
DA:22,0
DA:23,0
DA:24,0
DA:25,0
DA:28,0
DA:30,0
DA:36,0
DA:38,0
DA:40,0
DA:41,0
DA:45,0
DA:80,0
DA:86,0
DA:91,0
DA:95,0
DA:107,0
DA:124,0
DA:144,0
DA:145,0
DA:146,0
DA:147,0
DA:148,0
DA:149,0
DA:166,0
DA:167,0
DA:168,0
LF:36
LH:0
BRDA:28,0,0,0
BRDA:28,0,1,0
BRDA:38,1,0,0
BRDA:38,1,1,0
BRDA:73,2,0,0
BRDA:73,2,1,0
BRDA:87,3,0,0
BRDA:87,3,1,0
BRDA:88,4,0,0
BRDA:88,4,1,0
BRDA:94,5,0,0
BRDA:94,5,1,0
BRDA:97,6,0,0
BRDA:97,6,1,0
BRDA:97,7,0,0
BRDA:97,7,1,0
BRDA:106,8,0,0
BRDA:106,8,1,0
BRDA:107,9,0,0
BRDA:107,9,1,0
BRDA:108,10,0,0
BRDA:108,10,1,0
BRDA:116,11,0,0
BRDA:116,11,1,0
BRDA:118,12,0,0
BRDA:118,12,1,0
BRDA:121,13,0,0
BRDA:121,13,1,0
BRDA:137,14,0,0
BRDA:137,14,1,0
BRDA:143,15,0,0
BRDA:143,15,1,0
BRDA:144,16,0,0
BRDA:144,16,1,0
BRDA:145,17,0,0
BRDA:145,17,1,0
BRDA:146,18,0,0
BRDA:146,18,1,0
BRDA:147,19,0,0
BRDA:147,19,1,0
BRDA:148,20,0,0
BRDA:148,20,1,0
BRDA:149,21,0,0
BRDA:149,21,1,0
BRDA:153,22,0,0
BRDA:153,22,1,0
BRDA:166,23,0,0
BRDA:166,23,1,0
BRF:48
BRH:0
end_of_record
TN:
SF:src/components/MiniCart.js
FN:9,MiniCart
FN:14,(anonymous_1)
FN:19,(anonymous_2)
FN:36,(anonymous_3)
FN:55,(anonymous_4)
FN:64,(anonymous_5)
FN:76,(anonymous_6)
FN:78,(anonymous_7)
FNF:8
FNH:8
FNDA:10,MiniCart
FNDA:1,(anonymous_1)
FNDA:1,(anonymous_2)
FNDA:8,(anonymous_3)
FNDA:8,(anonymous_4)
FNDA:1,(anonymous_5)
FNDA:1,(anonymous_6)
FNDA:1,(anonymous_7)
DA:10,10
DA:11,10
DA:12,10
DA:14,10
DA:15,1
DA:16,1
DA:19,10
DA:20,1
DA:21,1
DA:25,10
DA:36,8
DA:56,8
DA:64,1
DA:76,1
DA:78,1
LF:15
LH:15
BRDA:20,0,0,1
BRDA:20,0,1,0
BRDA:27,1,0,10
BRDA:27,1,1,9
BRDA:46,2,0,1
BRDA:46,2,1,8
BRDA:70,3,0,8
BRDA:70,3,1,7
BRDA:71,4,0,8
BRDA:71,4,1,7
BRDA:76,5,0,1
BRDA:76,5,1,0
BRDA:89,6,0,9
BRDA:89,6,1,8
BRF:14
BRH:12
end_of_record
TN:
SF:src/components/ProductCard.js
FN:11,ProductCard
FN:21,(anonymous_1)
FN:24,(anonymous_2)
FN:25,(anonymous_3)
FN:47,(anonymous_4)
FN:49,(anonymous_5)
FN:63,(anonymous_6)
FN:91,(anonymous_7)
FN:114,(anonymous_8)
FNF:9
FNH:9
FNDA:27,ProductCard
FNDA:27,(anonymous_1)
FNDA:11,(anonymous_2)
FNDA:11,(anonymous_3)
FNDA:11,(anonymous_4)
FNDA:3,(anonymous_5)
FNDA:3,(anonymous_6)
FNDA:2,(anonymous_7)
FNDA:1,(anonymous_8)
DA:12,27
DA:13,27
DA:14,27
DA:15,27
DA:16,27
DA:17,27
DA:18,27
DA:19,27
DA:20,27
DA:21,27
DA:22,27
DA:24,27
DA:25,11
DA:26,11
DA:27,11
DA:30,9
DA:31,9
DA:32,9
DA:34,9
DA:35,9
DA:38,1
DA:40,10
DA:44,11
DA:47,27
DA:48,11
DA:49,3
DA:50,3
DA:51,3
DA:55,3
DA:60,3
DA:63,27
DA:64,3
DA:65,3
DA:66,1
DA:67,1
DA:69,2
DA:71,2
DA:72,2
DA:73,2
DA:74,1
DA:77,1
DA:79,1
DA:82,1
DA:85,0
DA:87,2
DA:91,27
DA:92,2
DA:93,2
DA:95,2
DA:96,2
DA:97,2
DA:98,1
DA:101,1
DA:102,1
DA:104,0
DA:106,1
DA:110,27
DA:111,16
DA:113,15
DA:114,1
LF:60
LH:58
BRDA:31,0,0,9
BRDA:31,0,1,0
BRDA:34,1,0,9
BRDA:34,1,1,0
BRDA:48,2,0,8
BRDA:48,2,1,3
BRDA:48,3,0,11
BRDA:48,3,1,3
BRDA:65,4,0,1
BRDA:65,4,1,2
BRDA:69,5,0,0
BRDA:69,5,1,2
BRDA:73,6,0,1
BRDA:73,6,1,1
BRDA:85,7,0,0
BRDA:85,7,1,0
BRDA:93,8,0,0
BRDA:93,8,1,2
BRDA:101,9,0,1
BRDA:101,9,1,0
BRDA:101,10,0,1
BRDA:101,10,1,1
BRDA:110,11,0,11
BRDA:110,11,1,16
BRDA:111,12,0,1
BRDA:111,12,1,15
BRDA:118,13,0,3
BRDA:118,13,1,12
BRDA:121,14,0,3
BRDA:121,14,1,12
BRDA:124,15,0,3
BRDA:124,15,1,12
BRDA:130,16,0,1
BRDA:130,16,1,14
BRDA:133,17,0,15
BRDA:133,17,1,14
BRDA:135,18,0,14
BRDA:135,18,1,1
BRDA:136,19,0,2
BRDA:136,19,1,12
BRF:40
BRH:33
end_of_record
TN:
SF:src/config/api.js
FNF:0
FNH:0
DA:1,2
LF:1
LH:1
BRDA:1,0,0,2
BRDA:1,0,1,2
BRF:2
BRH:2
end_of_record
TN:
SF:src/pages/About.js
FN:4,About
FNF:1
FNH:0
FNDA:0,About
DA:5,0
LF:1
LH:0
BRF:0
BRH:0
end_of_record
TN:
SF:src/pages/Account.js
FN:6,Account
FN:11,(anonymous_1)
FNF:2
FNH:0
FNDA:0,Account
FNDA:0,(anonymous_1)
DA:7,0
DA:8,0
DA:9,0
DA:11,0
DA:12,0
DA:13,0
DA:16,0
LF:7
LH:0
BRDA:20,0,0,0
BRDA:20,0,1,0
BRDA:21,1,0,0
BRDA:21,1,1,0
BRDA:21,1,2,0
BRF:5
BRH:0
end_of_record
TN:
SF:src/pages/Admin.js
FN:10,StarRating
FN:13,(anonymous_1)
FN:17,(anonymous_2)
FN:25,Admin
FN:38,(anonymous_4)
FN:40,(anonymous_5)
FN:40,(anonymous_6)
FN:42,(anonymous_7)
FN:46,(anonymous_8)
FN:50,(anonymous_9)
FN:54,(anonymous_10)
FN:58,(anonymous_11)
FN:63,(anonymous_12)
FN:69,(anonymous_13)
FN:73,(anonymous_14)
FN:78,(anonymous_15)
FN:93,(anonymous_16)
FN:97,(anonymous_17)
FN:102,(anonymous_18)
FN:107,(anonymous_19)
FN:116,(anonymous_20)
FN:119,(anonymous_21)
FN:120,(anonymous_22)
FN:145,(anonymous_23)
FN:146,(anonymous_24)
FN:147,(anonymous_25)
FN:148,(anonymous_26)
FN:161,(anonymous_27)
FN:168,(anonymous_28)
FN:169,(anonymous_29)
FN:188,(anonymous_30)
FN:196,(anonymous_31)
FN:204,(anonymous_32)
FN:208,(anonymous_33)
FN:218,(anonymous_34)
FN:223,(anonymous_35)
FN:226,(anonymous_36)
FN:227,(anonymous_37)
FN:244,(anonymous_38)
FN:245,(anonymous_39)
FN:248,(anonymous_40)
FN:253,(anonymous_41)
FN:254,(anonymous_42)
FN:263,(anonymous_43)
FN:270,(anonymous_44)
FNF:45
FNH:0
FNDA:0,StarRating
FNDA:0,(anonymous_1)
FNDA:0,(anonymous_2)
FNDA:0,Admin
FNDA:0,(anonymous_4)
FNDA:0,(anonymous_5)
FNDA:0,(anonymous_6)
FNDA:0,(anonymous_7)
FNDA:0,(anonymous_8)
FNDA:0,(anonymous_9)
FNDA:0,(anonymous_10)
FNDA:0,(anonymous_11)
FNDA:0,(anonymous_12)
FNDA:0,(anonymous_13)
FNDA:0,(anonymous_14)
FNDA:0,(anonymous_15)
FNDA:0,(anonymous_16)
FNDA:0,(anonymous_17)
FNDA:0,(anonymous_18)
FNDA:0,(anonymous_19)
FNDA:0,(anonymous_20)
FNDA:0,(anonymous_21)
FNDA:0,(anonymous_22)
FNDA:0,(anonymous_23)
FNDA:0,(anonymous_24)
FNDA:0,(anonymous_25)
FNDA:0,(anonymous_26)
FNDA:0,(anonymous_27)
FNDA:0,(anonymous_28)
FNDA:0,(anonymous_29)
FNDA:0,(anonymous_30)
FNDA:0,(anonymous_31)
FNDA:0,(anonymous_32)
FNDA:0,(anonymous_33)
FNDA:0,(anonymous_34)
FNDA:0,(anonymous_35)
FNDA:0,(anonymous_36)
FNDA:0,(anonymous_37)
FNDA:0,(anonymous_38)
FNDA:0,(anonymous_39)
FNDA:0,(anonymous_40)
FNDA:0,(anonymous_41)
FNDA:0,(anonymous_42)
FNDA:0,(anonymous_43)
FNDA:0,(anonymous_44)
DA:8,0
DA:11,0
DA:14,0
DA:17,0
DA:26,0
DA:27,0
DA:28,0
DA:29,0
DA:30,0
DA:31,0
DA:32,0
DA:33,0
DA:34,0
DA:35,0
DA:36,0
DA:38,0
DA:40,0
DA:42,0
DA:43,0
DA:46,0
DA:47,0
DA:50,0
DA:51,0
DA:54,0
DA:55,0
DA:58,0
DA:59,0
DA:60,0
DA:63,0
DA:64,0
DA:65,0
DA:66,0
DA:69,0
DA:70,0
DA:73,0
DA:74,0
DA:75,0
DA:78,0
DA:79,0
DA:80,0
DA:81,0
DA:82,0
DA:84,0
DA:85,0
DA:86,0
DA:88,0
DA:89,0
DA:90,0
DA:93,0
DA:94,0
DA:97,0
DA:98,0
DA:99,0
DA:102,0
DA:103,0
DA:104,0
DA:107,0
DA:108,0
DA:109,0
DA:112,0
DA:116,0
DA:120,0
DA:145,0
DA:146,0
DA:147,0
DA:148,0
DA:162,0
DA:168,0
DA:169,0
DA:189,0
DA:196,0
DA:204,0
DA:208,0
DA:219,0
DA:223,0
DA:226,0
DA:227,0
DA:244,0
DA:245,0
DA:248,0
DA:253,0
DA:254,0
DA:264,0
DA:270,0
LF:84
LH:0
BRDA:16,0,0,0
BRDA:16,0,1,0
BRDA:17,1,0,0
BRDA:17,1,1,0
BRDA:18,2,0,0
BRDA:18,2,1,0
BRDA:59,3,0,0
BRDA:59,3,1,0
BRDA:59,4,0,0
BRDA:59,4,1,0
BRDA:64,5,0,0
BRDA:64,5,1,0
BRDA:65,6,0,0
BRDA:65,6,1,0
BRDA:66,7,0,0
BRDA:66,7,1,0
BRDA:74,8,0,0
BRDA:74,8,1,0
BRDA:80,9,0,0
BRDA:80,9,1,0
BRDA:98,10,0,0
BRDA:98,10,1,0
BRDA:104,11,0,0
BRDA:104,11,1,0
BRDA:108,12,0,0
BRDA:108,12,1,0
BRDA:120,13,0,0
BRDA:120,13,1,0
BRDA:133,14,0,0
BRDA:133,14,1,0
BRDA:136,15,0,0
BRDA:136,15,1,0
BRDA:154,16,0,0
BRDA:154,16,1,0
BRDA:162,17,0,0
BRDA:162,17,1,0
BRDA:165,18,0,0
BRDA:165,18,1,0
BRDA:165,19,0,0
BRDA:165,19,1,0
BRDA:168,20,0,0
BRDA:168,20,1,0
BRDA:180,21,0,0
BRDA:180,21,1,0
BRDA:186,22,0,0
BRDA:186,22,1,0
BRDA:195,23,0,0
BRDA:195,23,1,0
BRDA:195,24,0,0
BRDA:195,24,1,0
BRDA:195,25,0,0
BRDA:195,25,1,0
BRDA:196,26,0,0
BRDA:196,26,1,0
BRDA:203,27,0,0
BRDA:203,27,1,0
BRDA:204,28,0,0
BRDA:204,28,1,0
BRDA:207,29,0,0
BRDA:207,29,1,0
BRDA:208,30,0,0
BRDA:208,30,1,0
BRDA:219,31,0,0
BRDA:219,31,1,0
BRDA:223,32,0,0
BRDA:223,32,1,0
BRDA:224,33,0,0
BRDA:224,33,1,0
BRDA:224,34,0,0
BRDA:224,34,1,0
BRDA:238,35,0,0
BRDA:238,35,1,0
BRDA:266,36,0,0
BRDA:266,36,1,0
BRDA:267,37,0,0
BRDA:267,37,1,0
BRDA:269,38,0,0
BRDA:269,38,1,0
BRF:78
BRH:0
end_of_record
TN:
SF:src/pages/Careers.js
FN:4,Careers
FNF:1
FNH:0
FNDA:0,Careers
DA:5,0
LF:1
LH:0
BRF:0
BRH:0
end_of_record
TN:
SF:src/pages/Cart.js
FN:8,Cart
FN:15,(anonymous_1)
FN:21,(anonymous_2)
FN:34,(anonymous_3)
FN:42,(anonymous_4)
FN:52,(anonymous_5)
FN:66,(anonymous_6)
FN:77,(anonymous_7)
FN:84,(anonymous_8)
FN:96,(anonymous_9)
FN:102,(anonymous_10)
FN:105,(anonymous_11)
FN:116,(anonymous_12)
FN:151,(anonymous_13)
FNF:14
FNH:14
FNDA:23,Cart
FNDA:12,(anonymous_1)
FNDA:11,(anonymous_2)
FNDA:2,(anonymous_3)
FNDA:3,(anonymous_4)
FNDA:5,(anonymous_5)
FNDA:1,(anonymous_6)
FNDA:1,(anonymous_7)
FNDA:9,(anonymous_8)
FNDA:2,(anonymous_9)
FNDA:1,(anonymous_10)
FNDA:2,(anonymous_11)
FNDA:2,(anonymous_12)
FNDA:1,(anonymous_13)
DA:9,23
DA:10,23
DA:11,23
DA:12,23
DA:13,23
DA:15,22
DA:16,12
DA:17,1
DA:18,1
DA:21,11
DA:22,11
DA:23,11
DA:25,1
DA:27,11
DA:31,11
DA:34,22
DA:35,2
DA:36,2
DA:38,1
DA:42,22
DA:43,3
DA:44,2
DA:45,2
DA:47,1
DA:52,22
DA:53,5
DA:54,4
DA:55,4
DA:57,1
DA:61,22
DA:62,22
DA:64,22
DA:66,1
DA:77,1
DA:85,9
DA:96,2
DA:102,1
DA:105,2
DA:116,2
DA:151,1
LF:40
LH:40
BRDA:16,0,0,1
BRDA:16,0,1,11
BRDA:43,1,0,2
BRDA:43,1,1,1
BRDA:53,2,0,1
BRDA:53,2,1,4
BRDA:61,3,0,20
BRDA:61,3,1,2
BRDA:72,4,0,12
BRDA:72,4,1,10
BRDA:74,5,0,1
BRDA:74,5,1,9
BRDA:90,6,0,9
BRDA:90,6,1,8
BRDA:91,7,0,9
BRDA:91,7,1,7
BRF:16
BRH:16
end_of_record
TN:
SF:src/pages/Checkout.js
FN:11,Checkout
FN:30,(anonymous_1)
FN:34,(anonymous_2)
FN:36,(anonymous_3)
FN:45,(anonymous_4)
FN:90,(anonymous_5)
FN:106,(anonymous_6)
FN:255,(anonymous_7)
FNF:8
FNH:0
FNDA:0,Checkout
FNDA:0,(anonymous_1)
FNDA:0,(anonymous_2)
FNDA:0,(anonymous_3)
FNDA:0,(anonymous_4)
FNDA:0,(anonymous_5)
FNDA:0,(anonymous_6)
FNDA:0,(anonymous_7)
DA:12,0
DA:13,0
DA:14,0
DA:15,0
DA:16,0
DA:17,0
DA:27,0
DA:30,0
DA:31,0
DA:34,0
DA:35,0
DA:36,0
DA:37,0
DA:45,0
DA:46,0
DA:48,0
DA:49,0
DA:50,0
DA:53,0
DA:54,0
DA:55,0
DA:56,0
DA:61,0
DA:67,0
DA:76,0
DA:78,0
DA:82,0
DA:83,0
DA:84,0
DA:86,0
DA:87,0
DA:90,0
DA:97,0
DA:106,0
DA:256,0
LF:35
LH:0
BRDA:48,0,0,0
BRDA:48,0,1,0
BRDA:48,1,0,0
BRDA:48,1,1,0
BRDA:48,1,2,0
BRDA:48,1,3,0
BRDA:48,1,4,0
BRDA:55,2,0,0
BRDA:55,2,1,0
BRDA:70,3,0,0
BRDA:70,3,1,0
BRDA:76,4,0,0
BRDA:76,4,1,0
BRDA:86,5,0,0
BRDA:86,5,1,0
BRDA:118,6,0,0
BRDA:118,6,1,0
BRDA:204,7,0,0
BRDA:204,7,1,0
BRDA:215,8,0,0
BRDA:215,8,1,0
BRDA:227,9,0,0
BRDA:227,9,1,0
BRDA:241,10,0,0
BRDA:241,10,1,0
BRDA:263,11,0,0
BRDA:263,11,1,0
BRDA:263,12,0,0
BRDA:263,12,1,0
BRDA:277,13,0,0
BRDA:277,13,1,0
BRF:31
BRH:0
end_of_record
TN:
SF:src/pages/Contact.js
FN:4,Contact
FN:33,(anonymous_1)
FNF:2
FNH:0
FNDA:0,Contact
FNDA:0,(anonymous_1)
DA:5,0
DA:33,0
LF:2
LH:0
BRF:0
BRH:0
end_of_record
TN:
SF:src/pages/Faq.js
FN:4,Faq
FNF:1
FNH:0
FNDA:0,Faq
DA:5,0
LF:1
LH:0
BRF:0
BRH:0
end_of_record
TN:
SF:src/pages/Home.js
FN:10,Home
FN:21,(anonymous_1)
FN:23,(anonymous_2)
FN:24,(anonymous_3)
FN:28,(anonymous_4)
FN:32,(anonymous_5)
FN:93,(anonymous_6)
FN:110,(anonymous_7)
FN:144,(anonymous_8)
FN:188,(anonymous_9)
FN:189,(anonymous_10)
FN:190,(anonymous_11)
FN:191,(anonymous_12)
FN:198,(anonymous_13)
FN:206,(anonymous_14)
FN:235,(anonymous_15)
FN:251,(anonymous_16)
FN:259,(anonymous_17)
FN:278,(anonymous_18)
FN:290,(anonymous_19)
FNF:20
FNH:0
FNDA:0,Home
FNDA:0,(anonymous_1)
FNDA:0,(anonymous_2)
FNDA:0,(anonymous_3)
FNDA:0,(anonymous_4)
FNDA:0,(anonymous_5)
FNDA:0,(anonymous_6)
FNDA:0,(anonymous_7)
FNDA:0,(anonymous_8)
FNDA:0,(anonymous_9)
FNDA:0,(anonymous_10)
FNDA:0,(anonymous_11)
FNDA:0,(anonymous_12)
FNDA:0,(anonymous_13)
FNDA:0,(anonymous_14)
FNDA:0,(anonymous_15)
FNDA:0,(anonymous_16)
FNDA:0,(anonymous_17)
FNDA:0,(anonymous_18)
FNDA:0,(anonymous_19)
DA:11,0
DA:12,0
DA:13,0
DA:14,0
DA:15,0
DA:16,0
DA:18,0
DA:19,0
DA:21,0
DA:22,0
DA:23,0
DA:24,0
DA:28,0
DA:30,0
DA:32,0
DA:33,0
DA:34,0
DA:35,0
DA:36,0
DA:38,0
DA:39,0
DA:40,0
DA:43,0
DA:44,0
DA:46,0
DA:47,0
DA:49,0
DA:53,0
DA:56,0
DA:93,0
DA:110,0
DA:144,0
DA:188,0
DA:189,0
DA:190,0
DA:191,0
DA:198,0
DA:207,0
DA:235,0
DA:251,0
DA:260,0
DA:279,0
DA:290,0
LF:43
LH:0
BRDA:18,0,0,0
BRDA:18,0,1,0
BRDA:22,1,0,0
BRDA:22,1,1,0
BRDA:36,2,0,0
BRDA:36,2,1,0
BRDA:38,3,0,0
BRDA:38,3,1,0
BRDA:66,4,0,0
BRDA:66,4,1,0
BRDA:66,4,2,0
BRDA:68,5,0,0
BRDA:68,5,1,0
BRDA:76,6,0,0
BRDA:76,6,1,0
BRDA:86,7,0,0
BRDA:86,7,1,0
BRDA:88,8,0,0
BRDA:88,8,1,0
BRDA:141,9,0,0
BRDA:141,9,1,0
BRDA:200,10,0,0
BRDA:200,10,1,0
BRDA:202,11,0,0
BRDA:202,11,1,0
BRDA:253,12,0,0
BRDA:253,12,1,0
BRDA:255,13,0,0
BRDA:255,13,1,0
BRF:29
BRH:0
end_of_record
TN:
SF:src/pages/Login.js
FN:8,Login
FN:20,(anonymous_1)
FN:51,(anonymous_2)
FN:76,(anonymous_3)
FN:78,(anonymous_4)
FN:82,(anonymous_5)
FN:192,(anonymous_6)
FN:198,(anonymous_7)
FN:203,(anonymous_8)
FNF:9
FNH:0
FNDA:0,Login
FNDA:0,(anonymous_1)
FNDA:0,(anonymous_2)
FNDA:0,(anonymous_3)
FNDA:0,(anonymous_4)
FNDA:0,(anonymous_5)
FNDA:0,(anonymous_6)
FNDA:0,(anonymous_7)
FNDA:0,(anonymous_8)
DA:9,0
DA:10,0
DA:11,0
DA:12,0
DA:16,0
DA:17,0
DA:18,0
DA:20,0
DA:21,0
DA:22,0
DA:23,0
DA:24,0
DA:26,0
DA:27,0
DA:32,0
DA:33,0
DA:36,0
DA:37,0
DA:38,0
DA:39,0
DA:41,0
DA:42,0
DA:43,0
DA:44,0
DA:47,0
DA:51,0
DA:52,0
DA:53,0
DA:54,0
DA:55,0
DA:57,0
DA:58,0
DA:63,0
DA:64,0
DA:66,0
DA:67,0
DA:68,0
DA:69,0
DA:70,0
DA:72,0
DA:76,0
DA:77,0
DA:78,0
DA:79,0
DA:82,0
DA:83,0
DA:85,0
DA:86,0
DA:87,0
DA:90,0
DA:91,0
DA:92,0
DA:93,0
DA:95,0
DA:98,0
DA:102,0
DA:104,0
DA:192,0
DA:198,0
DA:203,0
LF:60
LH:0
BRDA:22,0,0,0
BRDA:22,0,1,0
BRDA:33,1,0,0
BRDA:33,1,1,0
BRDA:33,2,0,0
BRDA:33,2,1,0
BRDA:36,3,0,0
BRDA:36,3,1,0
BRDA:53,4,0,0
BRDA:53,4,1,0
BRDA:64,5,0,0
BRDA:64,5,1,0
BRDA:64,6,0,0
BRDA:64,6,1,0
BRDA:85,7,0,0
BRDA:85,7,1,0
BRDA:85,8,0,0
BRDA:85,8,1,0
BRDA:92,9,0,0
BRDA:92,9,1,0
BRDA:98,10,0,0
BRDA:98,10,1,0
BRDA:107,11,0,0
BRDA:107,11,1,0
BRDA:109,12,0,0
BRDA:109,12,1,0
BRDA:109,12,2,0
BRDA:110,13,0,0
BRDA:110,13,1,0
BRDA:113,14,0,0
BRDA:113,14,1,0
BRDA:145,15,0,0
BRDA:145,15,1,0
BRDA:150,16,0,0
BRDA:150,16,1,0
BRDA:170,17,0,0
BRDA:170,17,1,0
BRDA:190,18,0,0
BRDA:190,18,1,0
BRDA:196,19,0,0
BRDA:196,19,1,0
BRF:41
BRH:0
end_of_record
TN:
SF:src/pages/Payments.js
FN:4,Payments
FNF:1
FNH:0
FNDA:0,Payments
DA:5,0
LF:1
LH:0
BRF:0
BRH:0
end_of_record
TN:
SF:src/pages/Privacy.js
FN:4,Privacy
FNF:1
FNH:0
FNDA:0,Privacy
DA:5,0
LF:1
LH:0
BRF:0
BRH:0
end_of_record
TN:
SF:src/pages/ProductDetail.js
FN:11,ProductDetail
FN:16,(anonymous_1)
FN:25,(anonymous_2)
FN:27,(anonymous_3)
FN:42,(anonymous_4)
FN:51,(anonymous_5)
FN:72,(anonymous_6)
FN:109,(anonymous_7)
FN:113,(anonymous_8)
FN:126,(anonymous_9)
FN:130,(anonymous_10)
FNF:11
FNH:0
FNDA:0,ProductDetail
FNDA:0,(anonymous_1)
FNDA:0,(anonymous_2)
FNDA:0,(anonymous_3)
FNDA:0,(anonymous_4)
FNDA:0,(anonymous_5)
FNDA:0,(anonymous_6)
FNDA:0,(anonymous_7)
FNDA:0,(anonymous_8)
FNDA:0,(anonymous_9)
FNDA:0,(anonymous_10)
DA:12,0
DA:13,0
DA:14,0
DA:15,0
DA:16,0
DA:18,0
DA:19,0
DA:20,0
DA:21,0
DA:22,0
DA:23,0
DA:25,0
DA:26,0
DA:27,0
DA:28,0
DA:29,0
DA:30,0
DA:31,0
DA:32,0
DA:34,0
DA:36,0
DA:39,0
DA:42,0
DA:43,0
DA:44,0
DA:45,0
DA:47,0
DA:48,0
DA:49,0
DA:50,0
DA:51,0
DA:53,0
DA:55,0
DA:59,0
DA:60,0
DA:62,0
DA:63,0
DA:65,0
DA:72,0
DA:110,0
DA:113,0
DA:127,0
DA:130,0
LF:43
LH:0
BRDA:31,0,0,0
BRDA:31,0,1,0
BRDA:32,1,0,0
BRDA:32,1,1,0
BRDA:43,2,0,0
BRDA:43,2,1,0
BRDA:43,3,0,0
BRDA:43,3,1,0
BRDA:44,4,0,0
BRDA:44,4,1,0
BRDA:53,5,0,0
BRDA:53,5,1,0
BRDA:59,6,0,0
BRDA:59,6,1,0
BRDA:60,7,0,0
BRDA:60,7,1,0
BRDA:62,8,0,0
BRDA:62,8,1,0
BRDA:63,9,0,0
BRDA:63,9,1,0
BRDA:85,10,0,0
BRDA:85,10,1,0
BRDA:101,11,0,0
BRDA:101,11,1,0
BRDA:105,12,0,0
BRDA:105,12,1,0
BRDA:112,13,0,0
BRDA:112,13,1,0
BRDA:122,14,0,0
BRDA:122,14,1,0
BRDA:129,15,0,0
BRDA:129,15,1,0
BRDA:140,16,0,0
BRDA:140,16,1,0
BRDA:142,17,0,0
BRDA:142,17,1,0
BRDA:144,18,0,0
BRDA:144,18,1,0
BRDA:146,19,0,0
BRDA:146,19,1,0
BRDA:148,20,0,0
BRDA:148,20,1,0
BRF:42
BRH:0
end_of_record
TN:
SF:src/pages/Products.js
FN:10,Products
FN:16,(anonymous_1)
FN:28,(anonymous_2)
FN:32,(anonymous_3)
FN:37,(anonymous_4)
FN:41,(anonymous_5)
FN:42,(anonymous_6)
FN:69,(anonymous_7)
FN:71,(anonymous_8)
FN:117,(anonymous_9)
FN:157,(anonymous_10)
FN:176,(anonymous_11)
FN:186,(anonymous_12)
FNF:13
FNH:13
FNDA:22,Products
FNDA:7,(anonymous_1)
FNDA:7,(anonymous_2)
FNDA:11,(anonymous_3)
FNDA:2,(anonymous_4)
FNDA:14,(anonymous_5)
FNDA:14,(anonymous_6)
FNDA:3,(anonymous_7)
FNDA:3,(anonymous_8)
FNDA:176,(anonymous_9)
FNDA:1,(anonymous_10)
FNDA:1,(anonymous_11)
FNDA:2,(anonymous_12)
DA:11,22
DA:12,22
DA:13,22
DA:14,22
DA:15,22
DA:16,22
DA:17,7
DA:18,7
DA:28,22
DA:29,7
DA:32,22
DA:33,11
DA:34,11
DA:35,11
DA:36,11
DA:37,2
DA:41,22
DA:42,14
DA:43,14
DA:44,14
DA:45,14
DA:46,14
DA:47,14
DA:48,14
DA:50,14
DA:51,14
DA:52,14
DA:53,14
DA:55,14
DA:58,12
DA:60,1
DA:62,13
DA:66,14
DA:69,22
DA:70,3
DA:71,3
DA:74,22
DA:85,22
DA:118,176
DA:158,1
DA:159,1
DA:177,1
DA:178,1
DA:187,2
LF:44
LH:44
BRDA:19,0,0,7
BRDA:19,0,1,4
BRDA:22,1,0,7
BRDA:22,1,1,6
BRDA:34,2,0,11
BRDA:34,2,1,6
BRDA:35,3,0,11
BRDA:35,3,1,8
BRDA:36,4,0,2
BRDA:36,4,1,9
BRDA:36,5,0,11
BRDA:36,5,1,9
BRDA:45,6,0,7
BRDA:45,6,1,7
BRDA:46,7,0,3
BRDA:46,7,1,11
BRDA:47,8,0,2
BRDA:47,8,1,12
BRDA:48,9,0,5
BRDA:48,9,1,9
BRDA:95,10,0,22
BRDA:95,10,1,11
BRDA:154,11,0,22
BRDA:154,11,1,11
BRDA:154,11,2,11
BRDA:154,11,3,11
BRDA:154,11,4,13
BRDA:169,12,0,7
BRDA:169,12,1,15
BRDA:171,13,0,14
BRDA:171,13,1,1
BRF:31
BRH:31
end_of_record
TN:
SF:src/pages/Register.js
FN:7,Register
FN:19,(anonymous_1)
FN:21,(anonymous_2)
FN:25,(anonymous_3)
FN:104,(anonymous_4)
FNF:5
FNH:0
FNDA:0,Register
FNDA:0,(anonymous_1)
FNDA:0,(anonymous_2)
FNDA:0,(anonymous_3)
FNDA:0,(anonymous_4)
DA:8,0
DA:9,0
DA:10,0
DA:11,0
DA:17,0
DA:19,0
DA:20,0
DA:21,0
DA:22,0
DA:25,0
DA:26,0
DA:28,0
DA:29,0
DA:30,0
DA:33,0
DA:34,0
DA:35,0
DA:37,0
DA:41,0
DA:104,0
LF:20
LH:0
BRDA:28,0,0,0
BRDA:28,0,1,0
BRDA:28,1,0,0
BRDA:28,1,1,0
BRDA:28,1,2,0
BRDA:37,2,0,0
BRDA:37,2,1,0
BRDA:46,3,0,0
BRDA:46,3,1,0
BRDA:46,3,2,0
BRDA:47,4,0,0
BRDA:47,4,1,0
BRDA:99,5,0,0
BRDA:99,5,1,0
BRF:14
BRH:0
end_of_record
TN:
SF:src/pages/Returns.js
FN:5,Returns
FNF:1
FNH:0
FNDA:0,Returns
DA:6,0
LF:1
LH:0
BRF:0
BRH:0
end_of_record
TN:
SF:src/pages/Shipping.js
FN:4,Shipping
FNF:1
FNH:0
FNDA:0,Shipping
DA:5,0
LF:1
LH:0
BRF:0
BRH:0
end_of_record
TN:
SF:src/pages/Stores.js
FN:4,Stores
FNF:1
FNH:0
FNDA:0,Stores
DA:5,0
LF:1
LH:0
BRF:0
BRH:0
end_of_record
TN:
SF:src/store/index.js
FN:7,(anonymous_0)
FN:14,(anonymous_1)
FN:40,(anonymous_2)
FN:64,(anonymous_3)
FN:70,(anonymous_4)
FN:88,(anonymous_5)
FN:96,(anonymous_6)
FN:102,(anonymous_7)
FN:103,(anonymous_8)
FN:104,(anonymous_9)
FN:104,(anonymous_10)
FN:106,(anonymous_11)
FN:125,(anonymous_12)
FN:143,(anonymous_13)
FN:156,(anonymous_14)
FN:169,(anonymous_15)
FNF:16
FNH:0
FNDA:0,(anonymous_0)
FNDA:0,(anonymous_1)
FNDA:0,(anonymous_2)
FNDA:0,(anonymous_3)
FNDA:0,(anonymous_4)
FNDA:0,(anonymous_5)
FNDA:0,(anonymous_6)
FNDA:0,(anonymous_7)
FNDA:0,(anonymous_8)
FNDA:0,(anonymous_9)
FNDA:0,(anonymous_10)
FNDA:0,(anonymous_11)
FNDA:0,(anonymous_12)
FNDA:0,(anonymous_13)
FNDA:0,(anonymous_14)
FNDA:0,(anonymous_15)
DA:5,0
DA:7,0
DA:15,0
DA:16,0
DA:17,0
DA:24,0
DA:25,0
DA:26,0
DA:32,0
DA:34,0
DA:35,0
DA:36,0
DA:41,0
DA:42,0
DA:43,0
DA:48,0
DA:49,0
DA:50,0
DA:56,0
DA:58,0
DA:59,0
DA:60,0
DA:65,0
DA:66,0
DA:67,0
DA:71,0
DA:72,0
DA:73,0
DA:74,0
DA:77,0
DA:78,0
DA:79,0
DA:81,0
DA:82,0
DA:84,0
DA:89,0
DA:90,0
DA:91,0
DA:92,0
DA:96,0
DA:102,0
DA:103,0
DA:104,0
DA:107,0
DA:108,0
DA:110,0
DA:111,0
DA:117,0
DA:118,0
DA:120,0
DA:121,0
DA:126,0
DA:127,0
DA:129,0
DA:130,0
DA:134,0
DA:139,0
DA:144,0
DA:145,0
DA:146,0
DA:150,0
DA:152,0
DA:157,0
DA:158,0
DA:159,0
DA:163,0
DA:165,0
DA:170,0
DA:171,0
DA:172,0
DA:177,0
DA:179,0
LF:72
LH:0
BRDA:8,0,0,0
BRDA:8,0,1,0
BRDA:12,1,0,0
BRDA:12,1,1,0
BRDA:34,2,0,0
BRDA:34,2,1,0
BRDA:58,3,0,0
BRDA:58,3,1,0
BRDA:72,4,0,0
BRDA:72,4,1,0
BRDA:81,5,0,0
BRDA:81,5,1,0
BRDA:81,6,0,0
BRDA:81,6,1,0
BRDA:89,7,0,0
BRDA:89,7,1,0
BRDA:127,8,0,0
BRDA:127,8,1,0
BRF:18
BRH:0
end_of_record
TN:
SF:src/utils/businessRules.js
FN:16,calcPixDiscount
FNF:1
FNH:0
FNDA:0,calcPixDiscount
DA:17,0
LF:1
LH:0
BRDA:17,0,0,0
BRDA:17,0,1,0
BRF:2
BRH:0
end_of_record
